{"meta": {"format": 3, "version": "7.13.5", "timestamp": "2026-04-27T14:53:48.871968", "branch_coverage": false, "show_contexts": false}, "files": {"src/agents/base_domain_agent.py": {"executed_lines": [1, 3, 4, 5, 6, 7, 9, 10, 11, 14, 17, 20, 21, 22, 24, 34, 35, 38, 41, 44, 47, 48, 49, 50, 51, 52, 53, 54, 56, 57, 59, 60, 61, 63, 64, 66, 67, 69, 70, 71, 73, 74, 76, 77, 78, 79, 80, 82, 83, 85, 86, 87, 88, 90, 91, 99, 100, 101, 102, 103, 112, 113, 114, 116, 117, 119, 124, 130, 132, 134, 140, 141, 142, 145, 154, 155, 156, 160, 161, 165, 167, 168, 169, 171, 172, 173, 174, 175, 180, 181, 189, 195, 197, 199, 200, 201, 202, 210, 211, 215, 217, 218], "summary": {"covered_lines": 102, "num_statements": 130, "percent_covered": 78.46153846153847, "percent_covered_display": "78", "missing_lines": 28, "excluded_lines": 0, "percent_statements_covered": 78.46153846153847, "percent_statements_covered_display": "78"}, "missing_lines": [36, 42, 81, 92, 105, 106, 110, 115, 120, 121, 122, 126, 127, 128, 143, 146, 152, 157, 158, 162, 163, 170, 182, 183, 203, 204, 212, 213], "excluded_lines": [], "functions": {"BaseAgent.__init__": {"executed_lines": [34, 35, 38, 41, 44, 47, 48, 49, 50, 51, 52, 53, 54, 56, 57, 59, 60, 61, 63, 64, 66, 67], "summary": {"covered_lines": 22, "num_statements": 24, "percent_covered": 91.66666666666667, "percent_covered_display": "92", "missing_lines": 2, "excluded_lines": 0, "percent_statements_covered": 91.66666666666667, "percent_statements_covered_display": "92"}, "missing_lines": [36, 42], "excluded_lines": [], "start_line": 24}, "BaseAgent.energy_budget_remaining": {"executed_lines": [71], "summary": {"covered_lines": 1, "num_statements": 1, "percent_covered": 100.0, "percent_covered_display": "100", "missing_lines": 0, "excluded_lines": 0, "percent_statements_covered": 100.0, "percent_statements_covered_display": "100"}, "missing_lines": [], "excluded_lines": [], "start_line": 70}, "BaseAgent.stop": {"executed_lines": [74], "summary": {"covered_lines": 1, "num_statements": 1, "percent_covered": 100.0, "percent_covered_display": "100", "missing_lines": 0, "excluded_lines": 0, "percent_statements_covered": 100.0, "percent_statements_covered_display": "100"}, "missing_lines": [], "excluded_lines": [], "start_line": 73}, "BaseAgent._resolve_ledger": {"executed_lines": [77, 78, 79, 80, 82, 83], "summary": {"covered_lines": 6, "num_statements": 7, "percent_covered": 85.71428571428571, "percent_covered_display": "86", "missing_lines": 1, "excluded_lines": 0, "percent_statements_covered": 85.71428571428571, "percent_statements_covered_display": "86"}, "missing_lines": [81], "excluded_lines": [], "start_line": 76}, "BaseAgent._scope_registry_to_allowed_tools": {"executed_lines": [86, 87, 88, 90, 91], "summary": {"covered_lines": 5, "num_statements": 6, "percent_covered": 83.33333333333333, "percent_covered_display": "83", "missing_lines": 1, "excluded_lines": 0, "percent_statements_covered": 83.33333333333333, "percent_statements_covered_display": "83"}, "missing_lines": [92], "excluded_lines": [], "start_line": 85}, "BaseAgent._replenish_energy_if_due": {"executed_lines": [100, 101, 102, 103], "summary": {"covered_lines": 4, "num_statements": 7, "percent_covered": 57.142857142857146, "percent_covered_display": "57", "missing_lines": 3, "excluded_lines": 0, "percent_statements_covered": 57.142857142857146, "percent_statements_covered_display": "57"}, "missing_lines": [105, 106, 110], "excluded_lines": [], "start_line": 99}, "BaseAgent._try_consume_energy": {"executed_lines": [113, 114, 116, 117], "summary": {"covered_lines": 4, "num_statements": 5, "percent_covered": 80.0, "percent_covered_display": "80", "missing_lines": 1, "excluded_lines": 0, "percent_statements_covered": 80.0, "percent_statements_covered_display": "80"}, "missing_lines": [115], "excluded_lines": [], "start_line": 112}, "BaseAgent._refund_energy": {"executed_lines": [], "summary": {"covered_lines": 0, "num_statements": 3, "percent_covered": 0.0, "percent_covered_display": "0", "missing_lines": 3, "excluded_lines": 0, "percent_statements_covered": 0.0, "percent_statements_covered_display": "0"}, "missing_lines": [120, 121, 122], "excluded_lines": [], "start_line": 119}, "BaseAgent.execute_tool": {"executed_lines": [], "summary": {"covered_lines": 0, "num_statements": 3, "percent_covered": 0.0, "percent_covered_display": "0", "missing_lines": 3, "excluded_lines": 0, "percent_statements_covered": 0.0, "percent_statements_covered_display": "0"}, "missing_lines": [126, 127, 128], "excluded_lines": [], "start_line": 124}, "BaseAgent._write_failed_result": {"executed_lines": [132], "summary": {"covered_lines": 1, "num_statements": 1, "percent_covered": 100.0, "percent_covered_display": "100", "missing_lines": 0, "excluded_lines": 0, "percent_statements_covered": 100.0, "percent_statements_covered_display": "100"}, "missing_lines": [], "excluded_lines": [], "start_line": 130}, "BaseAgent.poll_and_execute": {"executed_lines": [140, 141, 142, 145, 154, 155, 156, 160, 161, 165, 167, 168, 169, 171, 172, 173, 174, 175, 180, 181, 189, 195], "summary": {"covered_lines": 22, "num_statements": 32, "percent_covered": 68.75, "percent_covered_display": "69", "missing_lines": 10, "excluded_lines": 0, "percent_statements_covered": 68.75, "percent_statements_covered_display": "69"}, "missing_lines": [143, 146, 152, 157, 158, 162, 163, 170, 182, 183], "excluded_lines": [], "start_line": 134}, "BaseAgent.run": {"executed_lines": [199, 200, 201, 202, 210, 211, 215], "summary": {"covered_lines": 7, "num_statements": 11, "percent_covered": 63.63636363636363, "percent_covered_display": "64", "missing_lines": 4, "excluded_lines": 0, "percent_statements_covered": 63.63636363636363, "percent_statements_covered_display": "64"}, "missing_lines": [203, 204, 212, 213], "excluded_lines": [], "start_line": 197}, "BaseAgent.execute_task": {"executed_lines": [], "summary": {"covered_lines": 0, "num_statements": 0, "percent_covered": 100.0, "percent_covered_display": "100", "missing_lines": 0, "excluded_lines": 0, "percent_statements_covered": 100.0, "percent_statements_covered_display": "100"}, "missing_lines": [], "excluded_lines": [], "start_line": 218}, "": {"executed_lines": [1, 3, 4, 5, 6, 7, 9, 10, 11, 14, 17, 20, 21, 22, 24, 69, 70, 73, 76, 85, 99, 112, 119, 124, 130, 134, 197, 217, 218], "summary": {"covered_lines": 29, "num_statements": 29, "percent_covered": 100.0, "percent_covered_display": "100", "missing_lines": 0, "excluded_lines": 0, "percent_statements_covered": 100.0, "percent_statements_covered_display": "100"}, "missing_lines": [], "excluded_lines": [], "start_line": 1}}, "classes": {"BaseAgent": {"executed_lines": [34, 35, 38, 41, 44, 47, 48, 49, 50, 51, 52, 53, 54, 56, 57, 59, 60, 61, 63, 64, 66, 67, 71, 74, 77, 78, 79, 80, 82, 83, 86, 87, 88, 90, 91, 100, 101, 102, 103, 113, 114, 116, 117, 132, 140, 141, 142, 145, 154, 155, 156, 160, 161, 165, 167, 168, 169, 171, 172, 173, 174, 175, 180, 181, 189, 195, 199, 200, 201, 202, 210, 211, 215], "summary": {"covered_lines": 73, "num_statements": 101, "percent_covered": 72.27722772277228, "percent_covered_display": "72", "missing_lines": 28, "excluded_lines": 0, "percent_statements_covered": 72.27722772277228, "percent_statements_covered_display": "72"}, "missing_lines": [36, 42, 81, 92, 105, 106, 110, 115, 120, 121, 122, 126, 127, 128, 143, 146, 152, 157, 158, 162, 163, 170, 182, 183, 203, 204, 212, 213], "excluded_lines": [], "start_line": 17}, "": {"executed_lines": [1, 3, 4, 5, 6, 7, 9, 10, 11, 14, 17, 20, 21, 22, 24, 69, 70, 73, 76, 85, 99, 112, 119, 124, 130, 134, 197, 217, 218], "summary": {"covered_lines": 29, "num_statements": 29, "percent_covered": 100.0, "percent_covered_display": "100", "missing_lines": 0, "excluded_lines": 0, "percent_statements_covered": 100.0, "percent_statements_covered_display": "100"}, "missing_lines": [], "excluded_lines": [], "start_line": 1}}}, "src/agents/google_agent/__init__.py": {"executed_lines": [1, 3, 4, 5, 6, 8, 9, 12, 15, 24, 25, 26, 27, 28, 31, 32, 34, 41, 42, 44, 51, 52, 56, 58, 59, 60, 61, 62, 63, 64, 65, 71, 72, 79, 80, 82, 83, 84, 85, 86, 88, 89, 90, 91, 92, 94, 95, 96, 97, 99, 100, 101, 102, 103, 104, 107, 108, 109, 110, 111, 112, 113, 114, 115, 120, 121, 122, 123, 124, 129, 130, 131, 132, 133, 134, 135, 137, 146, 155, 164, 172, 173, 174, 180, 181, 184, 185, 186, 187, 189, 190, 191, 192, 193, 194, 203, 211, 212, 214, 223, 224, 225, 226, 227, 232, 233, 239, 240, 241, 242, 243, 244, 245, 246, 255, 263, 272, 281, 282, 283, 285, 286, 287, 288, 290, 291, 292, 293, 294, 295, 298, 303, 304, 305, 317, 326, 333, 334, 335, 336, 344, 345, 347, 348, 349, 351, 352, 353, 354, 355, 356, 357, 358, 363, 369, 376, 377, 378, 379, 380, 381, 385], "summary": {"covered_lines": 162, "num_statements": 194, "percent_covered": 83.50515463917526, "percent_covered_display": "84", "missing_lines": 32, "excluded_lines": 0, "percent_statements_covered": 83.50515463917526, "percent_statements_covered_display": "84"}, "missing_lines": [66, 105, 116, 117, 118, 125, 126, 127, 138, 156, 175, 182, 188, 234, 247, 264, 284, 289, 296, 306, 307, 308, 309, 310, 359, 364, 365, 366, 367, 368, 371, 382], "excluded_lines": [], "functions": {"GoogleAgentTaskError.__init__": {"executed_lines": [24, 25, 26, 27, 28], "summary": {"covered_lines": 5, "num_statements": 5, "percent_covered": 100.0, "percent_covered_display": "100", "missing_lines": 0, "excluded_lines": 0, "percent_statements_covered": 100.0, "percent_statements_covered_display": "100"}, "missing_lines": [], "excluded_lines": [], "start_line": 15}, "GoogleAgent.__init__": {"executed_lines": [51, 52, 56], "summary": {"covered_lines": 3, "num_statements": 3, "percent_covered": 100.0, "percent_covered_display": "100", "missing_lines": 0, "excluded_lines": 0, "percent_statements_covered": 100.0, "percent_statements_covered_display": "100"}, "missing_lines": [], "excluded_lines": [], "start_line": 44}, "GoogleAgent.execute_task": {"executed_lines": [59, 60, 61, 62, 63, 64, 65], "summary": {"covered_lines": 7, "num_statements": 8, "percent_covered": 87.5, "percent_covered_display": "88", "missing_lines": 1, "excluded_lines": 0, "percent_statements_covered": 87.5, "percent_statements_covered_display": "88"}, "missing_lines": [66], "excluded_lines": [], "start_line": 58}, "GoogleAgent._write_failed_result": {"executed_lines": [72, 79, 80], "summary": {"covered_lines": 3, "num_statements": 3, "percent_covered": 100.0, "percent_covered_display": "100", "missing_lines": 0, "excluded_lines": 0, "percent_statements_covered": 100.0, "percent_statements_covered_display": "100"}, "missing_lines": [], "excluded_lines": [], "start_line": 71}, "GoogleAgent._as_str_list": {"executed_lines": [84, 85, 86], "summary": {"covered_lines": 3, "num_statements": 3, "percent_covered": 100.0, "percent_covered_display": "100", "missing_lines": 0, "excluded_lines": 0, "percent_statements_covered": 100.0, "percent_statements_covered_display": "100"}, "missing_lines": [], "excluded_lines": [], "start_line": 83}, "GoogleAgent._task_text": {"executed_lines": [90, 91, 92], "summary": {"covered_lines": 3, "num_statements": 3, "percent_covered": 100.0, "percent_covered_display": "100", "missing_lines": 0, "excluded_lines": 0, "percent_statements_covered": 100.0, "percent_statements_covered_display": "100"}, "missing_lines": [], "excluded_lines": [], "start_line": 89}, "GoogleAgent._infer_task_type": {"executed_lines": [95, 96, 97, 99, 100, 101, 102, 103, 104], "summary": {"covered_lines": 9, "num_statements": 10, "percent_covered": 90.0, "percent_covered_display": "90", "missing_lines": 1, "excluded_lines": 0, "percent_statements_covered": 90.0, "percent_statements_covered_display": "90"}, "missing_lines": [105], "excluded_lines": [], "start_line": 94}, "GoogleAgent._parse_json_blob": {"executed_lines": [109, 110, 111, 112, 113, 114, 115], "summary": {"covered_lines": 7, "num_statements": 10, "percent_covered": 70.0, "percent_covered_display": "70", "missing_lines": 3, "excluded_lines": 0, "percent_statements_covered": 70.0, "percent_statements_covered_display": "70"}, "missing_lines": [116, 117, 118], "excluded_lines": [], "start_line": 108}, "GoogleAgent._tool_json": {"executed_lines": [121, 122, 123, 124], "summary": {"covered_lines": 4, "num_statements": 7, "percent_covered": 57.142857142857146, "percent_covered_display": "57", "missing_lines": 3, "excluded_lines": 0, "percent_statements_covered": 57.142857142857146, "percent_statements_covered_display": "57"}, "missing_lines": [125, 126, 127], "excluded_lines": [], "start_line": 120}, "GoogleAgent._handle_send_email_task": {"executed_lines": [130, 131, 132, 133, 134, 135, 137, 146, 155, 164], "summary": {"covered_lines": 10, "num_statements": 12, "percent_covered": 83.33333333333333, "percent_covered_display": "83", "missing_lines": 2, "excluded_lines": 0, "percent_statements_covered": 83.33333333333333, "percent_statements_covered_display": "83"}, "missing_lines": [138, 156], "excluded_lines": [], "start_line": 129}, "GoogleAgent._handle_email_poll_task": {"executed_lines": [173, 174, 180, 181, 184, 185, 186, 187, 189, 190, 191, 192, 193, 194, 203, 211, 212, 214], "summary": {"covered_lines": 18, "num_statements": 21, "percent_covered": 85.71428571428571, "percent_covered_display": "86", "missing_lines": 3, "excluded_lines": 0, "percent_statements_covered": 85.71428571428571, "percent_statements_covered_display": "86"}, "missing_lines": [175, 182, 188], "excluded_lines": [], "start_line": 172}, "GoogleAgent._handle_email_request_task": {"executed_lines": [224, 225, 226, 227, 232, 233, 239, 240, 241, 242, 243, 244, 245, 246, 255, 263, 272], "summary": {"covered_lines": 17, "num_statements": 20, "percent_covered": 85.0, "percent_covered_display": "85", "missing_lines": 3, "excluded_lines": 0, "percent_statements_covered": 85.0, "percent_statements_covered_display": "85"}, "missing_lines": [234, 247, 264], "excluded_lines": [], "start_line": 223}, "GoogleAgent._select_email": {"executed_lines": [283, 285, 286, 287, 288, 290, 291, 292, 293, 294, 295], "summary": {"covered_lines": 11, "num_statements": 14, "percent_covered": 78.57142857142857, "percent_covered_display": "79", "missing_lines": 3, "excluded_lines": 0, "percent_statements_covered": 78.57142857142857, "percent_statements_covered_display": "79"}, "missing_lines": [284, 289, 296], "excluded_lines": [], "start_line": 282}, "GoogleAgent._build_generation_input": {"executed_lines": [303, 304, 305, 317], "summary": {"covered_lines": 4, "num_statements": 9, "percent_covered": 44.44444444444444, "percent_covered_display": "44", "missing_lines": 5, "excluded_lines": 0, "percent_statements_covered": 44.44444444444444, "percent_statements_covered_display": "44"}, "missing_lines": [306, 307, 308, 309, 310], "excluded_lines": [], "start_line": 298}, "GoogleAgent._spawn_aiden_child_task": {"executed_lines": [333, 334, 335, 336, 344, 345], "summary": {"covered_lines": 6, "num_statements": 6, "percent_covered": 100.0, "percent_covered_display": "100", "missing_lines": 0, "excluded_lines": 0, "percent_statements_covered": 100.0, "percent_statements_covered_display": "100"}, "missing_lines": [], "excluded_lines": [], "start_line": 326}, "GoogleAgent._wait_for_child_result": {"executed_lines": [348, 349, 351, 352, 353, 354, 355, 356, 357, 358, 363, 369], "summary": {"covered_lines": 12, "num_statements": 19, "percent_covered": 63.1578947368421, "percent_covered_display": "63", "missing_lines": 7, "excluded_lines": 0, "percent_statements_covered": 63.1578947368421, "percent_statements_covered_display": "63"}, "missing_lines": [359, 364, 365, 366, 367, 368, 371], "excluded_lines": [], "start_line": 347}, "GoogleAgent._extract_child_output_text": {"executed_lines": [378, 379, 380, 381], "summary": {"covered_lines": 4, "num_statements": 5, "percent_covered": 80.0, "percent_covered_display": "80", "missing_lines": 1, "excluded_lines": 0, "percent_statements_covered": 80.0, "percent_statements_covered_display": "80"}, "missing_lines": [382], "excluded_lines": [], "start_line": 377}, "": {"executed_lines": [1, 3, 4, 5, 6, 8, 9, 12, 15, 31, 32, 34, 41, 42, 44, 58, 71, 82, 83, 88, 89, 94, 107, 108, 120, 129, 172, 223, 281, 282, 298, 326, 347, 376, 377, 385], "summary": {"covered_lines": 36, "num_statements": 36, "percent_covered": 100.0, "percent_covered_display": "100", "missing_lines": 0, "excluded_lines": 0, "percent_statements_covered": 100.0, "percent_statements_covered_display": "100"}, "missing_lines": [], "excluded_lines": [], "start_line": 1}}, "classes": {"GoogleAgentTaskError": {"executed_lines": [24, 25, 26, 27, 28], "summary": {"covered_lines": 5, "num_statements": 5, "percent_covered": 100.0, "percent_covered_display": "100", "missing_lines": 0, "excluded_lines": 0, "percent_statements_covered": 100.0, "percent_statements_covered_display": "100"}, "missing_lines": [], "excluded_lines": [], "start_line": 12}, "GoogleAgent": {"executed_lines": [51, 52, 56, 59, 60, 61, 62, 63, 64, 65, 72, 79, 80, 84, 85, 86, 90, 91, 92, 95, 96, 97, 99, 100, 101, 102, 103, 104, 109, 110, 111, 112, 113, 114, 115, 121, 122, 123, 124, 130, 131, 132, 133, 134, 135, 137, 146, 155, 164, 173, 174, 180, 181, 184, 185, 186, 187, 189, 190, 191, 192, 193, 194, 203, 211, 212, 214, 224, 225, 226, 227, 232, 233, 239, 240, 241, 242, 243, 244, 245, 246, 255, 263, 272, 283, 285, 286, 287, 288, 290, 291, 292, 293, 294, 295, 303, 304, 305, 317, 333, 334, 335, 336, 344, 345, 348, 349, 351, 352, 353, 354, 355, 356, 357, 358, 363, 369, 378, 379, 380, 381], "summary": {"covered_lines": 121, "num_statements": 153, "percent_covered": 79.08496732026144, "percent_covered_display": "79", "missing_lines": 32, "excluded_lines": 0, "percent_statements_covered": 79.08496732026144, "percent_statements_covered_display": "79"}, "missing_lines": [66, 105, 116, 117, 118, 125, 126, 127, 138, 156, 175, 182, 188, 234, 247, 264, 284, 289, 296, 306, 307, 308, 309, 310, 359, 364, 365, 366, 367, 368, 371, 382], "excluded_lines": [], "start_line": 31}, "": {"executed_lines": [1, 3, 4, 5, 6, 8, 9, 12, 15, 31, 32, 34, 41, 42, 44, 58, 71, 82, 83, 88, 89, 94, 107, 108, 120, 129, 172, 223, 281, 282, 298, 326, 347, 376, 377, 385], "summary": {"covered_lines": 36, "num_statements": 36, "percent_covered": 100.0, "percent_covered_display": "100", "missing_lines": 0, "excluded_lines": 0, "percent_statements_covered": 100.0, "percent_statements_covered_display": "100"}, "missing_lines": [], "excluded_lines": [], "start_line": 1}}}, "src/core/agent_definition.py": {"executed_lines": [1, 3, 4, 7, 8, 9, 10, 11, 12, 13, 14, 15, 16, 17], "summary": {"covered_lines": 14, "num_statements": 14, "percent_covered": 100.0, "percent_covered_display": "100", "missing_lines": 0, "excluded_lines": 0, "percent_statements_covered": 100.0, "percent_statements_covered_display": "100"}, "missing_lines": [], "excluded_lines": [], "functions": {"": {"executed_lines": [1, 3, 4, 7, 8, 9, 10, 11, 12, 13, 14, 15, 16, 17], "summary": {"covered_lines": 14, "num_statements": 14, "percent_covered": 100.0, "percent_covered_display": "100", "missing_lines": 0, "excluded_lines": 0, "percent_statements_covered": 100.0, "percent_statements_covered_display": "100"}, "missing_lines": [], "excluded_lines": [], "start_line": 1}}, "classes": {"AgentDefinition": {"executed_lines": [], "summary": {"covered_lines": 0, "num_statements": 0, "percent_covered": 100.0, "percent_covered_display": "100", "missing_lines": 0, "excluded_lines": 0, "percent_statements_covered": 100.0, "percent_statements_covered_display": "100"}, "missing_lines": [], "excluded_lines": [], "start_line": 8}, "": {"executed_lines": [1, 3, 4, 7, 8, 9, 10, 11, 12, 13, 14, 15, 16, 17], "summary": {"covered_lines": 14, "num_statements": 14, "percent_covered": 100.0, "percent_covered_display": "100", "missing_lines": 0, "excluded_lines": 0, "percent_statements_covered": 100.0, "percent_statements_covered_display": "100"}, "missing_lines": [], "excluded_lines": [], "start_line": 1}}}, "src/core/agent_output.py": {"executed_lines": [21, 23, 24, 25, 26, 27, 28, 30, 34, 35, 36, 37, 38, 40, 43, 45, 46, 47, 48, 53, 54, 56, 57, 58, 59, 60, 61, 62, 64, 70, 71, 73, 74, 75, 76, 79, 80, 82, 83, 84, 85, 86, 89, 90, 92, 93, 94, 95, 100, 110, 121, 131, 139, 141, 142, 144, 145, 148, 167, 174, 180, 186, 187, 188, 189, 190, 191, 192, 193, 194, 195, 196, 198, 199, 200, 201, 202, 203, 207, 208, 209, 210, 213, 215, 220, 221, 222, 223, 228, 229, 230, 231, 233, 236, 237, 238, 244, 255, 257, 258, 260, 270, 271, 279, 280, 287, 288, 295, 298, 304, 305, 314, 315, 321, 322, 329, 330, 336, 341, 349, 350, 351, 352, 353, 354, 357, 358, 365, 373, 374, 375, 377, 378, 379, 382, 383, 390, 397, 404, 413, 425, 434, 435, 437, 438, 439, 440, 441, 443, 448, 449, 453, 454, 456, 461, 462, 463, 465, 468, 480, 481, 483, 484, 486, 487, 488, 489, 491, 492, 493, 494, 496], "summary": {"covered_lines": 172, "num_statements": 185, "percent_covered": 92.97297297297297, "percent_covered_display": "93", "missing_lines": 13, "excluded_lines": 0, "percent_statements_covered": 92.97297297297297, "percent_statements_covered_display": "93"}, "missing_lines": [66, 67, 146, 224, 225, 232, 239, 240, 241, 414, 415, 416, 417], "excluded_lines": [], "functions": {"resolve_output_type": {"executed_lines": [45, 46, 47, 48], "summary": {"covered_lines": 4, "num_statements": 4, "percent_covered": 100.0, "percent_covered_display": "100", "missing_lines": 0, "excluded_lines": 0, "percent_statements_covered": 100.0, "percent_statements_covered_display": "100"}, "missing_lines": [], "excluded_lines": [], "start_line": 43}, "AgentResult.to_dict": {"executed_lines": [], "summary": {"covered_lines": 0, "num_statements": 2, "percent_covered": 0.0, "percent_covered_display": "0", "missing_lines": 2, "excluded_lines": 0, "percent_statements_covered": 0.0, "percent_statements_covered_display": "0"}, "missing_lines": [66, 67], "excluded_lines": [], "start_line": 64}, "_build_format_prompt": {"executed_lines": [141, 142, 144, 145, 148], "summary": {"covered_lines": 5, "num_statements": 6, "percent_covered": 83.33333333333333, "percent_covered_display": "83", "missing_lines": 1, "excluded_lines": 0, "percent_statements_covered": 83.33333333333333, "percent_statements_covered_display": "83"}, "missing_lines": [146], "excluded_lines": [], "start_line": 139}, "extract_structured_output": {"executed_lines": [186, 187, 188, 189, 190, 191, 192, 193, 194, 195, 196, 198, 199, 200, 201, 202, 203, 207, 208, 209, 210], "summary": {"covered_lines": 21, "num_statements": 21, "percent_covered": 100.0, "percent_covered_display": "100", "missing_lines": 0, "excluded_lines": 0, "percent_statements_covered": 100.0, "percent_statements_covered_display": "100"}, "missing_lines": [], "excluded_lines": [], "start_line": 180}, "strip_agent_output_block": {"executed_lines": [215], "summary": {"covered_lines": 1, "num_statements": 1, "percent_covered": 100.0, "percent_covered_display": "100", "missing_lines": 0, "excluded_lines": 0, "percent_statements_covered": 100.0, "percent_statements_covered_display": "100"}, "missing_lines": [], "excluded_lines": [], "start_line": 213}, "_coerce_float": {"executed_lines": [221, 222, 223], "summary": {"covered_lines": 3, "num_statements": 5, "percent_covered": 60.0, "percent_covered_display": "60", "missing_lines": 2, "excluded_lines": 0, "percent_statements_covered": 60.0, "percent_statements_covered_display": "60"}, "missing_lines": [224, 225], "excluded_lines": [], "start_line": 220}, "_coerce_str_list": {"executed_lines": [229, 230, 231, 233], "summary": {"covered_lines": 4, "num_statements": 5, "percent_covered": 80.0, "percent_covered_display": "80", "missing_lines": 1, "excluded_lines": 0, "percent_statements_covered": 80.0, "percent_statements_covered_display": "80"}, "missing_lines": [232], "excluded_lines": [], "start_line": 228}, "_coerce_bool": {"executed_lines": [237, 238], "summary": {"covered_lines": 2, "num_statements": 5, "percent_covered": 40.0, "percent_covered_display": "40", "missing_lines": 3, "excluded_lines": 0, "percent_statements_covered": 40.0, "percent_statements_covered_display": "40"}, "missing_lines": [239, 240, 241], "excluded_lines": [], "start_line": 236}, "validate_agent_output": {"executed_lines": [255, 257, 258, 260, 270, 271, 279, 280, 287, 288, 295], "summary": {"covered_lines": 11, "num_statements": 11, "percent_covered": 100.0, "percent_covered_display": "100", "missing_lines": 0, "excluded_lines": 0, "percent_statements_covered": 100.0, "percent_statements_covered_display": "100"}, "missing_lines": [], "excluded_lines": [], "start_line": 244}, "make_extraction_failed_result": {"executed_lines": [304, 305, 314, 315, 321, 322, 329, 330, 336], "summary": {"covered_lines": 9, "num_statements": 9, "percent_covered": 100.0, "percent_covered_display": "100", "missing_lines": 0, "excluded_lines": 0, "percent_statements_covered": 100.0, "percent_statements_covered_display": "100"}, "missing_lines": [], "excluded_lines": [], "start_line": 298}, "_append_limited_items": {"executed_lines": [349, 350, 351, 352, 353, 354], "summary": {"covered_lines": 6, "num_statements": 6, "percent_covered": 100.0, "percent_covered_display": "100", "missing_lines": 0, "excluded_lines": 0, "percent_statements_covered": 100.0, "percent_statements_covered_display": "100"}, "missing_lines": [], "excluded_lines": [], "start_line": 341}, "_append_research_handoff": {"executed_lines": [358, 365, 373, 374, 375, 377, 378, 379], "summary": {"covered_lines": 8, "num_statements": 8, "percent_covered": 100.0, "percent_covered_display": "100", "missing_lines": 0, "excluded_lines": 0, "percent_statements_covered": 100.0, "percent_statements_covered_display": "100"}, "missing_lines": [], "excluded_lines": [], "start_line": 357}, "_append_coder_handoff": {"executed_lines": [383, 390, 397, 404], "summary": {"covered_lines": 4, "num_statements": 4, "percent_covered": 100.0, "percent_covered_display": "100", "missing_lines": 0, "excluded_lines": 0, "percent_statements_covered": 100.0, "percent_statements_covered_display": "100"}, "missing_lines": [], "excluded_lines": [], "start_line": 382}, "_append_synthesis_handoff": {"executed_lines": [], "summary": {"covered_lines": 0, "num_statements": 4, "percent_covered": 0.0, "percent_covered_display": "0", "missing_lines": 4, "excluded_lines": 0, "percent_statements_covered": 0.0, "percent_statements_covered_display": "0"}, "missing_lines": [414, 415, 416, 417], "excluded_lines": [], "start_line": 413}, "format_structured_for_handoff": {"executed_lines": [434, 435, 437, 438, 439, 440, 441, 443, 448, 449, 453, 454, 456, 461, 462, 463, 465], "summary": {"covered_lines": 17, "num_statements": 17, "percent_covered": 100.0, "percent_covered_display": "100", "missing_lines": 0, "excluded_lines": 0, "percent_statements_covered": 100.0, "percent_statements_covered_display": "100"}, "missing_lines": [], "excluded_lines": [], "start_line": 425}, "get_display_text": {"executed_lines": [480, 481, 483, 484, 486, 487, 488, 489, 491, 492, 493, 494, 496], "summary": {"covered_lines": 13, "num_statements": 13, "percent_covered": 100.0, "percent_covered_display": "100", "missing_lines": 0, "excluded_lines": 0, "percent_statements_covered": 100.0, "percent_statements_covered_display": "100"}, "missing_lines": [], "excluded_lines": [], "start_line": 468}, "": {"executed_lines": [21, 23, 24, 25, 26, 27, 28, 30, 34, 35, 36, 37, 38, 40, 43, 53, 54, 56, 57, 58, 59, 60, 61, 62, 64, 70, 71, 73, 74, 75, 76, 79, 80, 82, 83, 84, 85, 86, 89, 90, 92, 93, 94, 95, 100, 110, 121, 131, 139, 167, 174, 180, 213, 220, 228, 236, 244, 298, 341, 357, 382, 413, 425, 468], "summary": {"covered_lines": 64, "num_statements": 64, "percent_covered": 100.0, "percent_covered_display": "100", "missing_lines": 0, "excluded_lines": 0, "percent_statements_covered": 100.0, "percent_statements_covered_display": "100"}, "missing_lines": [], "excluded_lines": [], "start_line": 1}}, "classes": {"AgentOutputType": {"executed_lines": [], "summary": {"covered_lines": 0, "num_statements": 0, "percent_covered": 100.0, "percent_covered_display": "100", "missing_lines": 0, "excluded_lines": 0, "percent_statements_covered": 100.0, "percent_statements_covered_display": "100"}, "missing_lines": [], "excluded_lines": [], "start_line": 34}, "AgentResult": {"executed_lines": [], "summary": {"covered_lines": 0, "num_statements": 2, "percent_covered": 0.0, "percent_covered_display": "0", "missing_lines": 2, "excluded_lines": 0, "percent_statements_covered": 0.0, "percent_statements_covered_display": "0"}, "missing_lines": [66, 67], "excluded_lines": [], "start_line": 54}, "ResearchResult": {"executed_lines": [], "summary": {"covered_lines": 0, "num_statements": 0, "percent_covered": 100.0, "percent_covered_display": "100", "missing_lines": 0, "excluded_lines": 0, "percent_statements_covered": 100.0, "percent_statements_covered_display": "100"}, "missing_lines": [], "excluded_lines": [], "start_line": 71}, "CoderResult": {"executed_lines": [], "summary": {"covered_lines": 0, "num_statements": 0, "percent_covered": 100.0, "percent_covered_display": "100", "missing_lines": 0, "excluded_lines": 0, "percent_statements_covered": 100.0, "percent_statements_covered_display": "100"}, "missing_lines": [], "excluded_lines": [], "start_line": 80}, "SynthesisResult": {"executed_lines": [], "summary": {"covered_lines": 0, "num_statements": 0, "percent_covered": 100.0, "percent_covered_display": "100", "missing_lines": 0, "excluded_lines": 0, "percent_statements_covered": 100.0, "percent_statements_covered_display": "100"}, "missing_lines": [], "excluded_lines": [], "start_line": 90}, "": {"executed_lines": [21, 23, 24, 25, 26, 27, 28, 30, 34, 35, 36, 37, 38, 40, 43, 45, 46, 47, 48, 53, 54, 56, 57, 58, 59, 60, 61, 62, 64, 70, 71, 73, 74, 75, 76, 79, 80, 82, 83, 84, 85, 86, 89, 90, 92, 93, 94, 95, 100, 110, 121, 131, 139, 141, 142, 144, 145, 148, 167, 174, 180, 186, 187, 188, 189, 190, 191, 192, 193, 194, 195, 196, 198, 199, 200, 201, 202, 203, 207, 208, 209, 210, 213, 215, 220, 221, 222, 223, 228, 229, 230, 231, 233, 236, 237, 238, 244, 255, 257, 258, 260, 270, 271, 279, 280, 287, 288, 295, 298, 304, 305, 314, 315, 321, 322, 329, 330, 336, 341, 349, 350, 351, 352, 353, 354, 357, 358, 365, 373, 374, 375, 377, 378, 379, 382, 383, 390, 397, 404, 413, 425, 434, 435, 437, 438, 439, 440, 441, 443, 448, 449, 453, 454, 456, 461, 462, 463, 465, 468, 480, 481, 483, 484, 486, 487, 488, 489, 491, 492, 493, 494, 496], "summary": {"covered_lines": 172, "num_statements": 183, "percent_covered": 93.98907103825137, "percent_covered_display": "94", "missing_lines": 11, "excluded_lines": 0, "percent_statements_covered": 93.98907103825137, "percent_statements_covered_display": "94"}, "missing_lines": [146, 224, 225, 232, 239, 240, 241, 414, 415, 416, 417], "excluded_lines": [], "start_line": 1}}}, "src/core/agent_registry.py": {"executed_lines": [1, 3, 4, 5, 6, 8, 10, 13, 79, 80, 81, 82, 83, 85, 86, 87, 88, 90, 91, 93, 94, 96, 99, 100, 101, 103, 104, 105, 109, 110, 111, 113, 114, 115, 116, 119, 120, 121, 124, 125, 126, 129, 130, 138, 140, 152, 153, 154, 155, 158, 159, 160, 161, 162, 166, 167, 168, 169, 170, 172, 173, 174, 178, 179, 180, 181, 182, 183, 184, 185, 186, 187, 189, 191, 192, 193, 195, 196, 198, 199, 200, 201, 202, 203, 204, 205, 206, 207, 211, 212, 214, 215, 216, 217, 220, 221, 222, 223, 224, 225, 228, 229, 230, 231, 232, 234, 235, 236, 237, 239, 240, 241, 243, 244, 245, 246, 247, 248], "summary": {"covered_lines": 118, "num_statements": 137, "percent_covered": 86.13138686131387, "percent_covered_display": "86", "missing_lines": 19, "excluded_lines": 0, "percent_statements_covered": 86.13138686131387, "percent_statements_covered_display": "86"}, "missing_lines": [97, 106, 107, 117, 122, 156, 164, 175, 176, 194, 208, 209, 210, 218, 226, 227, 238, 249, 250], "excluded_lines": [], "functions": {"AgentRegistry.__init__": {"executed_lines": [81, 82, 83], "summary": {"covered_lines": 3, "num_statements": 3, "percent_covered": 100.0, "percent_covered_display": "100", "missing_lines": 0, "excluded_lines": 0, "percent_statements_covered": 100.0, "percent_statements_covered_display": "100"}, "missing_lines": [], "excluded_lines": [], "start_line": 80}, "AgentRegistry.reload": {"executed_lines": [86, 87, 88], "summary": {"covered_lines": 3, "num_statements": 3, "percent_covered": 100.0, "percent_covered_display": "100", "missing_lines": 0, "excluded_lines": 0, "percent_statements_covered": 100.0, "percent_statements_covered_display": "100"}, "missing_lines": [], "excluded_lines": [], "start_line": 85}, "AgentRegistry.register": {"executed_lines": [91], "summary": {"covered_lines": 1, "num_statements": 1, "percent_covered": 100.0, "percent_covered_display": "100", "missing_lines": 0, "excluded_lines": 0, "percent_statements_covered": 100.0, "percent_statements_covered_display": "100"}, "missing_lines": [], "excluded_lines": [], "start_line": 90}, "AgentRegistry.get": {"executed_lines": [94], "summary": {"covered_lines": 1, "num_statements": 1, "percent_covered": 100.0, "percent_covered_display": "100", "missing_lines": 0, "excluded_lines": 0, "percent_statements_covered": 100.0, "percent_statements_covered_display": "100"}, "missing_lines": [], "excluded_lines": [], "start_line": 93}, "AgentRegistry.all": {"executed_lines": [], "summary": {"covered_lines": 0, "num_statements": 1, "percent_covered": 0.0, "percent_covered_display": "0", "missing_lines": 1, "excluded_lines": 0, "percent_statements_covered": 0.0, "percent_statements_covered_display": "0"}, "missing_lines": [97], "excluded_lines": [], "start_line": 96}, "AgentRegistry._load_from_disk": {"executed_lines": [100, 101, 103, 104, 105], "summary": {"covered_lines": 5, "num_statements": 7, "percent_covered": 71.42857142857143, "percent_covered_display": "71", "missing_lines": 2, "excluded_lines": 0, "percent_statements_covered": 71.42857142857143, "percent_statements_covered_display": "71"}, "missing_lines": [106, 107], "excluded_lines": [], "start_line": 99}, "AgentRegistry._register_missing_fallbacks": {"executed_lines": [110, 111], "summary": {"covered_lines": 2, "num_statements": 2, "percent_covered": 100.0, "percent_covered_display": "100", "missing_lines": 0, "excluded_lines": 0, "percent_statements_covered": 100.0, "percent_statements_covered_display": "100"}, "missing_lines": [], "excluded_lines": [], "start_line": 109}, "AgentRegistry._parse_agent_file": {"executed_lines": [114, 115, 116, 119, 120, 121, 124, 125, 126, 129, 130, 138, 140], "summary": {"covered_lines": 13, "num_statements": 15, "percent_covered": 86.66666666666667, "percent_covered_display": "87", "missing_lines": 2, "excluded_lines": 0, "percent_statements_covered": 86.66666666666667, "percent_statements_covered_display": "87"}, "missing_lines": [117, 122], "excluded_lines": [], "start_line": 113}, "AgentRegistry._split_front_matter": {"executed_lines": [154, 155, 158, 159, 160, 161, 162], "summary": {"covered_lines": 7, "num_statements": 9, "percent_covered": 77.77777777777777, "percent_covered_display": "78", "missing_lines": 2, "excluded_lines": 0, "percent_statements_covered": 77.77777777777777, "percent_statements_covered_display": "78"}, "missing_lines": [156, 164], "excluded_lines": [], "start_line": 153}, "AgentRegistry._parse_front_matter": {"executed_lines": [168, 169, 170, 172, 173, 174, 178, 179, 180, 181, 182, 183, 184, 185, 186, 187, 189], "summary": {"covered_lines": 17, "num_statements": 19, "percent_covered": 89.47368421052632, "percent_covered_display": "89", "missing_lines": 2, "excluded_lines": 0, "percent_statements_covered": 89.47368421052632, "percent_statements_covered_display": "89"}, "missing_lines": [175, 176], "excluded_lines": [], "start_line": 167}, "AgentRegistry._parse_front_matter_line": {"executed_lines": [193, 195, 196], "summary": {"covered_lines": 3, "num_statements": 4, "percent_covered": 75.0, "percent_covered_display": "75", "missing_lines": 1, "excluded_lines": 0, "percent_statements_covered": 75.0, "percent_statements_covered_display": "75"}, "missing_lines": [194], "excluded_lines": [], "start_line": 192}, "AgentRegistry._consume_indented_block": {"executed_lines": [200, 201, 202, 203, 204, 205, 206, 207, 211, 212], "summary": {"covered_lines": 10, "num_statements": 13, "percent_covered": 76.92307692307692, "percent_covered_display": "77", "missing_lines": 3, "excluded_lines": 0, "percent_statements_covered": 76.92307692307692, "percent_statements_covered_display": "77"}, "missing_lines": [208, 209, 210], "excluded_lines": [], "start_line": 199}, "AgentRegistry._format_block_value": {"executed_lines": [216, 217], "summary": {"covered_lines": 2, "num_statements": 3, "percent_covered": 66.66666666666667, "percent_covered_display": "67", "missing_lines": 1, "excluded_lines": 0, "percent_statements_covered": 66.66666666666667, "percent_statements_covered_display": "67"}, "missing_lines": [218], "excluded_lines": [], "start_line": 215}, "AgentRegistry._consume_list_items": {"executed_lines": [222, 223, 224, 225, 228, 229, 230, 231, 232], "summary": {"covered_lines": 9, "num_statements": 11, "percent_covered": 81.81818181818181, "percent_covered_display": "82", "missing_lines": 2, "excluded_lines": 0, "percent_statements_covered": 81.81818181818181, "percent_statements_covered_display": "82"}, "missing_lines": [226, 227], "excluded_lines": [], "start_line": 221}, "AgentRegistry._coerce_scalar": {"executed_lines": [236, 237, 239, 240, 241], "summary": {"covered_lines": 5, "num_statements": 6, "percent_covered": 83.33333333333333, "percent_covered_display": "83", "missing_lines": 1, "excluded_lines": 0, "percent_statements_covered": 83.33333333333333, "percent_statements_covered_display": "83"}, "missing_lines": [238], "excluded_lines": [], "start_line": 235}, "AgentRegistry._coerce_list": {"executed_lines": [245, 246, 247, 248], "summary": {"covered_lines": 4, "num_statements": 6, "percent_covered": 66.66666666666667, "percent_covered_display": "67", "missing_lines": 2, "excluded_lines": 0, "percent_statements_covered": 66.66666666666667, "percent_statements_covered_display": "67"}, "missing_lines": [249, 250], "excluded_lines": [], "start_line": 244}, "": {"executed_lines": [1, 3, 4, 5, 6, 8, 10, 13, 79, 80, 85, 90, 93, 96, 99, 109, 113, 152, 153, 166, 167, 191, 192, 198, 199, 214, 215, 220, 221, 234, 235, 243, 244], "summary": {"covered_lines": 33, "num_statements": 33, "percent_covered": 100.0, "percent_covered_display": "100", "missing_lines": 0, "excluded_lines": 0, "percent_statements_covered": 100.0, "percent_statements_covered_display": "100"}, "missing_lines": [], "excluded_lines": [], "start_line": 1}}, "classes": {"AgentRegistry": {"executed_lines": [81, 82, 83, 86, 87, 88, 91, 94, 100, 101, 103, 104, 105, 110, 111, 114, 115, 116, 119, 120, 121, 124, 125, 126, 129, 130, 138, 140, 154, 155, 158, 159, 160, 161, 162, 168, 169, 170, 172, 173, 174, 178, 179, 180, 181, 182, 183, 184, 185, 186, 187, 189, 193, 195, 196, 200, 201, 202, 203, 204, 205, 206, 207, 211, 212, 216, 217, 222, 223, 224, 225, 228, 229, 230, 231, 232, 236, 237, 239, 240, 241, 245, 246, 247, 248], "summary": {"covered_lines": 85, "num_statements": 104, "percent_covered": 81.73076923076923, "percent_covered_display": "82", "missing_lines": 19, "excluded_lines": 0, "percent_statements_covered": 81.73076923076923, "percent_statements_covered_display": "82"}, "missing_lines": [97, 106, 107, 117, 122, 156, 164, 175, 176, 194, 208, 209, 210, 218, 226, 227, 238, 249, 250], "excluded_lines": [], "start_line": 79}, "": {"executed_lines": [1, 3, 4, 5, 6, 8, 10, 13, 79, 80, 85, 90, 93, 96, 99, 109, 113, 152, 153, 166, 167, 191, 192, 198, 199, 214, 215, 220, 221, 234, 235, 243, 244], "summary": {"covered_lines": 33, "num_statements": 33, "percent_covered": 100.0, "percent_covered_display": "100", "missing_lines": 0, "excluded_lines": 0, "percent_statements_covered": 100.0, "percent_statements_covered_display": "100"}, "missing_lines": [], "excluded_lines": [], "start_line": 1}}}, "src/core/cloud_redaction.py": {"executed_lines": [6, 8, 9, 12, 13, 14, 17, 24, 39, 65, 67, 68, 69, 70, 76, 79, 82, 83, 84, 85, 86, 90, 91, 95, 96, 97, 98, 99, 101, 102, 103, 104, 105, 107, 115, 122, 123, 124, 125, 131, 132, 133, 137, 138, 142, 143, 145, 146, 148, 149, 150, 153, 159, 162, 165, 166, 167, 168, 169, 170, 172, 173, 177, 178, 179, 180, 181, 185, 187, 188, 190, 191, 193, 196, 201, 202, 206, 207], "summary": {"covered_lines": 78, "num_statements": 91, "percent_covered": 85.71428571428571, "percent_covered_display": "86", "missing_lines": 13, "excluded_lines": 0, "percent_statements_covered": 85.71428571428571, "percent_statements_covered_display": "86"}, "missing_lines": [75, 126, 127, 128, 129, 147, 160, 163, 171, 174, 175, 186, 189], "excluded_lines": [], "functions": {"is_safe_redacted_context_line": {"executed_lines": [67, 68, 69, 70, 76], "summary": {"covered_lines": 5, "num_statements": 6, "percent_covered": 83.33333333333333, "percent_covered_display": "83", "missing_lines": 1, "excluded_lines": 0, "percent_statements_covered": 83.33333333333333, "percent_statements_covered_display": "83"}, "missing_lines": [75], "excluded_lines": [], "start_line": 65}, "redact_context_and_memory_contents": {"executed_lines": [82, 107], "summary": {"covered_lines": 2, "num_statements": 2, "percent_covered": 100.0, "percent_covered_display": "100", "missing_lines": 0, "excluded_lines": 0, "percent_statements_covered": 100.0, "percent_statements_covered_display": "100"}, "missing_lines": [], "excluded_lines": [], "start_line": 79}, "redact_context_and_memory_contents._replace": {"executed_lines": [83, 84, 85, 86, 90, 91, 95, 96, 97, 98, 99, 101, 102, 103, 104, 105], "summary": {"covered_lines": 16, "num_statements": 16, "percent_covered": 100.0, "percent_covered_display": "100", "missing_lines": 0, "excluded_lines": 0, "percent_statements_covered": 100.0, "percent_statements_covered_display": "100"}, "missing_lines": [], "excluded_lines": [], "start_line": 82}, "redact_text_for_cloud": {"executed_lines": [122, 123, 124, 125, 131, 132, 133, 137, 138, 142, 143, 145, 146, 148, 149, 150], "summary": {"covered_lines": 16, "num_statements": 21, "percent_covered": 76.19047619047619, "percent_covered_display": "76", "missing_lines": 5, "excluded_lines": 0, "percent_statements_covered": 76.19047619047619, "percent_statements_covered_display": "76"}, "missing_lines": [126, 127, 128, 129, 147], "excluded_lines": [], "start_line": 115}, "redact_messages_for_cloud": {"executed_lines": [159, 162, 165, 166, 167, 168, 169, 170, 172, 173, 177, 178, 179, 180, 181, 185, 187, 188, 190, 191, 193], "summary": {"covered_lines": 21, "num_statements": 28, "percent_covered": 75.0, "percent_covered_display": "75", "missing_lines": 7, "excluded_lines": 0, "percent_statements_covered": 75.0, "percent_statements_covered_display": "75"}, "missing_lines": [160, 163, 171, 174, 175, 186, 189], "excluded_lines": [], "start_line": 153}, "compute_payload_sha256": {"executed_lines": [201, 202, 206, 207], "summary": {"covered_lines": 4, "num_statements": 4, "percent_covered": 100.0, "percent_covered_display": "100", "missing_lines": 0, "excluded_lines": 0, "percent_statements_covered": 100.0, "percent_statements_covered_display": "100"}, "missing_lines": [], "excluded_lines": [], "start_line": 196}, "": {"executed_lines": [6, 8, 9, 12, 13, 14, 17, 24, 39, 65, 79, 115, 153, 196], "summary": {"covered_lines": 14, "num_statements": 14, "percent_covered": 100.0, "percent_covered_display": "100", "missing_lines": 0, "excluded_lines": 0, "percent_statements_covered": 100.0, "percent_statements_covered_display": "100"}, "missing_lines": [], "excluded_lines": [], "start_line": 1}}, "classes": {"": {"executed_lines": [6, 8, 9, 12, 13, 14, 17, 24, 39, 65, 67, 68, 69, 70, 76, 79, 82, 83, 84, 85, 86, 90, 91, 95, 96, 97, 98, 99, 101, 102, 103, 104, 105, 107, 115, 122, 123, 124, 125, 131, 132, 133, 137, 138, 142, 143, 145, 146, 148, 149, 150, 153, 159, 162, 165, 166, 167, 168, 169, 170, 172, 173, 177, 178, 179, 180, 181, 185, 187, 188, 190, 191, 193, 196, 201, 202, 206, 207], "summary": {"covered_lines": 78, "num_statements": 91, "percent_covered": 85.71428571428571, "percent_covered_display": "86", "missing_lines": 13, "excluded_lines": 0, "percent_statements_covered": 85.71428571428571, "percent_statements_covered_display": "86"}, "missing_lines": [75, 126, 127, 128, 129, 147, 160, 163, 171, 174, 175, 186, 189], "excluded_lines": [], "start_line": 1}}}, "src/core/dynamic_tool_worker.py": {"executed_lines": [9, 11, 12, 13, 14, 15, 16, 17, 18, 19, 20, 21, 22, 23, 24, 26, 27, 32, 34, 35, 36, 37, 38, 39, 41, 49, 53, 57, 60, 61, 70, 75, 78, 79, 82, 86, 99, 100, 104, 107, 110, 111, 112, 120, 121, 122, 131, 132, 133, 134, 135, 136, 139, 142, 143, 144, 145, 149, 152, 153, 154, 158, 159, 161, 162, 164, 165, 166, 169, 170, 171, 174, 177, 178, 179, 180, 181, 184, 187, 188, 189, 190, 191, 197, 202, 203, 211, 212, 213, 214, 215, 218, 230, 253, 262, 263, 318, 330, 334, 335, 338, 347, 371, 397, 416, 431, 432, 433, 434, 435, 437, 439, 441, 442, 444, 447, 448, 449, 451, 452, 454, 458, 459, 469, 492, 508, 538, 541, 549, 550, 551, 552, 553, 554, 555, 556, 557, 558, 559, 560, 562, 563, 564, 566, 567, 569, 570, 579, 580, 581, 582, 583, 585, 586, 587, 588, 589, 590, 591, 594, 595, 596, 606, 607, 608, 609, 611, 612, 614, 615, 616, 617, 624, 625, 626, 631, 632, 633, 634, 636, 639, 640, 641, 642, 646, 647, 648, 649, 651, 652, 653, 656, 658, 660, 667, 668, 669, 670, 671, 672, 674, 675, 680, 684, 686, 688, 689, 690, 691, 692, 693, 695, 696, 697, 699, 700, 701, 703, 705, 706, 711, 712, 717, 724, 725, 726, 727, 730, 740, 742, 743, 744, 745, 746, 747, 748, 749, 750, 752, 753, 754, 755, 756, 757, 759, 760, 761, 762, 763, 766, 767, 768, 772, 773], "summary": {"covered_lines": 254, "num_statements": 476, "percent_covered": 53.36134453781513, "percent_covered_display": "53", "missing_lines": 222, "excluded_lines": 4, "percent_statements_covered": 53.36134453781513, "percent_statements_covered_display": "53"}, "missing_lines": [87, 88, 89, 92, 93, 94, 101, 102, 103, 105, 106, 113, 114, 117, 123, 124, 125, 128, 146, 155, 156, 160, 163, 172, 173, 182, 183, 192, 204, 205, 206, 219, 220, 221, 222, 223, 224, 225, 226, 227, 231, 232, 233, 235, 236, 237, 238, 239, 240, 241, 242, 244, 246, 247, 248, 249, 250, 254, 255, 256, 257, 258, 259, 319, 320, 321, 322, 323, 324, 325, 326, 327, 331, 339, 340, 341, 342, 343, 344, 348, 349, 350, 352, 353, 355, 356, 357, 362, 363, 364, 365, 366, 368, 372, 398, 399, 400, 404, 405, 406, 407, 408, 409, 410, 411, 412, 413, 417, 418, 419, 420, 421, 422, 423, 424, 425, 426, 427, 428, 436, 438, 440, 443, 450, 461, 462, 463, 465, 466, 470, 471, 472, 473, 474, 475, 476, 478, 479, 480, 481, 482, 483, 484, 485, 486, 487, 488, 489, 493, 494, 495, 496, 497, 498, 499, 500, 501, 502, 503, 504, 505, 509, 510, 511, 512, 514, 515, 516, 517, 518, 519, 520, 521, 522, 523, 524, 525, 526, 527, 528, 529, 530, 531, 532, 534, 535, 592, 613, 618, 627, 628, 629, 635, 637, 643, 644, 650, 654, 655, 657, 673, 676, 677, 678, 685, 698, 718, 728, 729, 731, 732, 734, 735, 736, 737, 738, 739, 764, 765, 769, 770, 771], "excluded_lines": [28, 29, 776, 777], "functions": {"_check_blocked_import": {"executed_lines": [], "summary": {"covered_lines": 0, "num_statements": 6, "percent_covered": 0.0, "percent_covered_display": "0", "missing_lines": 6, "excluded_lines": 0, "percent_statements_covered": 0.0, "percent_statements_covered_display": "0"}, "missing_lines": [87, 88, 89, 92, 93, 94], "excluded_lines": [], "start_line": 86}, "_validate_ast_import_node": {"executed_lines": [100, 104, 107], "summary": {"covered_lines": 3, "num_statements": 8, "percent_covered": 37.5, "percent_covered_display": "38", "missing_lines": 5, "excluded_lines": 0, "percent_statements_covered": 37.5, "percent_statements_covered_display": "38"}, "missing_lines": [101, 102, 103, 105, 106], "excluded_lines": [], "start_line": 99}, "_validate_ast_attribute_node": {"executed_lines": [111, 112], "summary": {"covered_lines": 2, "num_statements": 5, "percent_covered": 40.0, "percent_covered_display": "40", "missing_lines": 3, "excluded_lines": 0, "percent_statements_covered": 40.0, "percent_statements_covered_display": "40"}, "missing_lines": [113, 114, 117], "excluded_lines": [], "start_line": 110}, "_validate_ast_asyncio_call": {"executed_lines": [121, 122], "summary": {"covered_lines": 2, "num_statements": 6, "percent_covered": 33.333333333333336, "percent_covered_display": "33", "missing_lines": 4, "excluded_lines": 0, "percent_statements_covered": 33.333333333333336, "percent_statements_covered_display": "33"}, "missing_lines": [123, 124, 125, 128], "excluded_lines": [], "start_line": 120}, "_validate_ast_call_node": {"executed_lines": [132, 133, 134, 135, 136, 139], "summary": {"covered_lines": 6, "num_statements": 6, "percent_covered": 100.0, "percent_covered_display": "100", "missing_lines": 0, "excluded_lines": 0, "percent_statements_covered": 100.0, "percent_statements_covered_display": "100"}, "missing_lines": [], "excluded_lines": [], "start_line": 131}, "_validate_ast_string_constant_node": {"executed_lines": [143, 144, 145, 149], "summary": {"covered_lines": 4, "num_statements": 5, "percent_covered": 80.0, "percent_covered_display": "80", "missing_lines": 1, "excluded_lines": 0, "percent_statements_covered": 80.0, "percent_statements_covered_display": "80"}, "missing_lines": [146], "excluded_lines": [], "start_line": 142}, "validate_tool_code_ast": {"executed_lines": [153, 154, 158, 159, 161, 162, 164, 165, 166], "summary": {"covered_lines": 9, "num_statements": 13, "percent_covered": 69.23076923076923, "percent_covered_display": "69", "missing_lines": 4, "excluded_lines": 0, "percent_statements_covered": 69.23076923076923, "percent_statements_covered_display": "69"}, "missing_lines": [155, 156, 160, 163], "excluded_lines": [], "start_line": 152}, "_dynamic_tool_significant_tokens": {"executed_lines": [170, 171, 174], "summary": {"covered_lines": 3, "num_statements": 5, "percent_covered": 60.0, "percent_covered_display": "60", "missing_lines": 2, "excluded_lines": 0, "percent_statements_covered": 60.0, "percent_statements_covered_display": "60"}, "missing_lines": [172, 173], "excluded_lines": [], "start_line": 169}, "_string_token_literal_value": {"executed_lines": [178, 179, 180, 181, 184], "summary": {"covered_lines": 5, "num_statements": 7, "percent_covered": 71.42857142857143, "percent_covered_display": "71", "missing_lines": 2, "excluded_lines": 0, "percent_statements_covered": 71.42857142857143, "percent_statements_covered_display": "71"}, "missing_lines": [182, 183], "excluded_lines": [], "start_line": 177}, "_validate_dynamic_tool_bare_token": {"executed_lines": [188, 189, 190, 191], "summary": {"covered_lines": 4, "num_statements": 5, "percent_covered": 80.0, "percent_covered_display": "80", "missing_lines": 1, "excluded_lines": 0, "percent_statements_covered": 80.0, "percent_statements_covered_display": "80"}, "missing_lines": [192], "excluded_lines": [], "start_line": 187}, "_validate_dynamic_tool_dotted_token": {"executed_lines": [202, 203], "summary": {"covered_lines": 2, "num_statements": 5, "percent_covered": 40.0, "percent_covered_display": "40", "missing_lines": 3, "excluded_lines": 0, "percent_statements_covered": 40.0, "percent_statements_covered_display": "40"}, "missing_lines": [204, 205, 206], "excluded_lines": [], "start_line": 197}, "validate_dynamic_tool_token_scan": {"executed_lines": [212, 213, 214, 215], "summary": {"covered_lines": 4, "num_statements": 4, "percent_covered": 100.0, "percent_covered_display": "100", "missing_lines": 0, "excluded_lines": 0, "percent_statements_covered": 100.0, "percent_statements_covered_display": "100"}, "missing_lines": [], "excluded_lines": [], "start_line": 211}, "_safe_import": {"executed_lines": [], "summary": {"covered_lines": 0, "num_statements": 9, "percent_covered": 0.0, "percent_covered_display": "0", "missing_lines": 9, "excluded_lines": 0, "percent_statements_covered": 0.0, "percent_statements_covered_display": "0"}, "missing_lines": [219, 220, 221, 222, 223, 224, 225, 226, 227], "excluded_lines": [], "start_line": 218}, "_map_worker_temp_path": {"executed_lines": [], "summary": {"covered_lines": 0, "num_statements": 17, "percent_covered": 0.0, "percent_covered_display": "0", "missing_lines": 17, "excluded_lines": 0, "percent_statements_covered": 0.0, "percent_statements_covered_display": "0"}, "missing_lines": [231, 232, 233, 235, 236, 237, 238, 239, 240, 241, 242, 244, 246, 247, 248, 249, 250], "excluded_lines": [], "start_line": 230}, "_safe_open": {"executed_lines": [], "summary": {"covered_lines": 0, "num_statements": 6, "percent_covered": 0.0, "percent_covered_display": "0", "missing_lines": 6, "excluded_lines": 0, "percent_statements_covered": 0.0, "percent_statements_covered_display": "0"}, "missing_lines": [254, 255, 256, 257, 258, 259], "excluded_lines": [], "start_line": 253}, "_safe_builtins": {"executed_lines": [263], "summary": {"covered_lines": 1, "num_statements": 1, "percent_covered": 100.0, "percent_covered_display": "100", "missing_lines": 0, "excluded_lines": 0, "percent_statements_covered": 100.0, "percent_statements_covered_display": "100"}, "missing_lines": [], "excluded_lines": [], "start_line": 262}, "_json_safe": {"executed_lines": [], "summary": {"covered_lines": 0, "num_statements": 9, "percent_covered": 0.0, "percent_covered_display": "0", "missing_lines": 9, "excluded_lines": 0, "percent_statements_covered": 0.0, "percent_statements_covered_display": "0"}, "missing_lines": [319, 320, 321, 322, 323, 324, 325, 326, 327], "excluded_lines": [], "start_line": 318}, "_response_ok": {"executed_lines": [], "summary": {"covered_lines": 0, "num_statements": 1, "percent_covered": 0.0, "percent_covered_display": "0", "missing_lines": 1, "excluded_lines": 0, "percent_statements_covered": 0.0, "percent_statements_covered_display": "0"}, "missing_lines": [331], "excluded_lines": [], "start_line": 330}, "_response_error": {"executed_lines": [335], "summary": {"covered_lines": 1, "num_statements": 1, "percent_covered": 100.0, "percent_covered_display": "100", "missing_lines": 0, "excluded_lines": 0, "percent_statements_covered": 100.0, "percent_statements_covered_display": "100"}, "missing_lines": [], "excluded_lines": [], "start_line": 334}, "_format_execution_output": {"executed_lines": [], "summary": {"covered_lines": 0, "num_statements": 6, "percent_covered": 0.0, "percent_covered_display": "0", "missing_lines": 6, "excluded_lines": 0, "percent_statements_covered": 0.0, "percent_statements_covered_display": "0"}, "missing_lines": [339, 340, 341, 342, 343, 344], "excluded_lines": [], "start_line": 338}, "__exec_user_python__": {"executed_lines": [], "summary": {"covered_lines": 0, "num_statements": 14, "percent_covered": 0.0, "percent_covered_display": "0", "missing_lines": 14, "excluded_lines": 0, "percent_statements_covered": 0.0, "percent_statements_covered_display": "0"}, "missing_lines": [348, 349, 350, 352, 353, 355, 356, 357, 362, 363, 364, 365, 366, 368], "excluded_lines": [], "start_line": 347}, "_register_builtin_tools": {"executed_lines": [], "summary": {"covered_lines": 0, "num_statements": 1, "percent_covered": 0.0, "percent_covered_display": "0", "missing_lines": 1, "excluded_lines": 0, "percent_statements_covered": 0.0, "percent_statements_covered_display": "0"}, "missing_lines": [372], "excluded_lines": [], "start_line": 371}, "_apply_posix_start_limits": {"executed_lines": [], "summary": {"covered_lines": 0, "num_statements": 13, "percent_covered": 0.0, "percent_covered_display": "0", "missing_lines": 13, "excluded_lines": 0, "percent_statements_covered": 0.0, "percent_statements_covered_display": "0"}, "missing_lines": [398, 399, 400, 404, 405, 406, 407, 408, 409, 410, 411, 412, 413], "excluded_lines": [], "start_line": 397}, "_apply_cpu_limit_for_call": {"executed_lines": [], "summary": {"covered_lines": 0, "num_statements": 12, "percent_covered": 0.0, "percent_covered_display": "0", "missing_lines": 12, "excluded_lines": 0, "percent_statements_covered": 0.0, "percent_statements_covered_display": "0"}, "missing_lines": [417, 418, 419, 420, 421, 422, 423, 424, 425, 426, 427, 428], "excluded_lines": [], "start_line": 416}, "_validate_register_payload": {"executed_lines": [432, 433, 434, 435, 437, 439, 441, 442, 444], "summary": {"covered_lines": 9, "num_statements": 13, "percent_covered": 69.23076923076923, "percent_covered_display": "69", "missing_lines": 4, "excluded_lines": 0, "percent_statements_covered": 69.23076923076923, "percent_statements_covered_display": "69"}, "missing_lines": [436, 438, 440, 443], "excluded_lines": [], "start_line": 431}, "_register_tool": {"executed_lines": [448, 449, 451, 452, 454, 458, 459], "summary": {"covered_lines": 7, "num_statements": 13, "percent_covered": 53.84615384615385, "percent_covered_display": "54", "missing_lines": 6, "excluded_lines": 0, "percent_statements_covered": 53.84615384615385, "percent_statements_covered_display": "54"}, "missing_lines": [450, 461, 462, 463, 465, 466], "excluded_lines": [], "start_line": 447}, "_call_tool": {"executed_lines": [], "summary": {"covered_lines": 0, "num_statements": 19, "percent_covered": 0.0, "percent_covered_display": "0", "missing_lines": 19, "excluded_lines": 0, "percent_statements_covered": 0.0, "percent_statements_covered_display": "0"}, "missing_lines": [470, 471, 472, 473, 474, 475, 476, 478, 479, 480, 481, 482, 483, 484, 485, 486, 487, 488, 489], "excluded_lines": [], "start_line": 469}, "_handle_message": {"executed_lines": [], "summary": {"covered_lines": 0, "num_statements": 13, "percent_covered": 0.0, "percent_covered_display": "0", "missing_lines": 13, "excluded_lines": 0, "percent_statements_covered": 0.0, "percent_statements_covered_display": "0"}, "missing_lines": [493, 494, 495, 496, 497, 498, 499, 500, 501, 502, 503, 504, 505], "excluded_lines": [], "start_line": 492}, "_run_worker_loop": {"executed_lines": [], "summary": {"covered_lines": 0, "num_statements": 25, "percent_covered": 0.0, "percent_covered_display": "0", "missing_lines": 25, "excluded_lines": 0, "percent_statements_covered": 0.0, "percent_statements_covered_display": "0"}, "missing_lines": [509, 510, 511, 512, 514, 515, 516, 517, 518, 519, 520, 521, 522, 523, 524, 525, 526, 527, 528, 529, 530, 531, 532, 534, 535], "excluded_lines": [], "start_line": 508}, "DynamicToolWorkerClient.__init__": {"executed_lines": [549, 550, 551, 552, 553, 554, 555, 556, 557, 558, 559, 560], "summary": {"covered_lines": 12, "num_statements": 12, "percent_covered": 100.0, "percent_covered_display": "100", "missing_lines": 0, "excluded_lines": 0, "percent_statements_covered": 100.0, "percent_statements_covered_display": "100"}, "missing_lines": [], "excluded_lines": [], "start_line": 541}, "DynamicToolWorkerClient.process_id": {"executed_lines": [564], "summary": {"covered_lines": 1, "num_statements": 1, "percent_covered": 100.0, "percent_covered_display": "100", "missing_lines": 0, "excluded_lines": 0, "percent_statements_covered": 100.0, "percent_statements_covered_display": "100"}, "missing_lines": [], "excluded_lines": [], "start_line": 563}, "DynamicToolWorkerClient.set_restart_callback": {"executed_lines": [567], "summary": {"covered_lines": 1, "num_statements": 1, "percent_covered": 100.0, "percent_covered_display": "100", "missing_lines": 0, "excluded_lines": 0, "percent_statements_covered": 100.0, "percent_statements_covered_display": "100"}, "missing_lines": [], "excluded_lines": [], "start_line": 566}, "DynamicToolWorkerClient._build_worker_env": {"executed_lines": [570, 579, 580, 581, 582, 583], "summary": {"covered_lines": 6, "num_statements": 6, "percent_covered": 100.0, "percent_covered_display": "100", "missing_lines": 0, "excluded_lines": 0, "percent_statements_covered": 100.0, "percent_statements_covered_display": "100"}, "missing_lines": [], "excluded_lines": [], "start_line": 569}, "DynamicToolWorkerClient.start": {"executed_lines": [586, 587, 588, 589, 590, 591, 594, 595, 596, 606, 607, 608, 609], "summary": {"covered_lines": 13, "num_statements": 14, "percent_covered": 92.85714285714286, "percent_covered_display": "93", "missing_lines": 1, "excluded_lines": 0, "percent_statements_covered": 92.85714285714286, "percent_statements_covered_display": "93"}, "missing_lines": [592], "excluded_lines": [], "start_line": 585}, "DynamicToolWorkerClient._drain_stderr": {"executed_lines": [612, 614, 615, 616, 617], "summary": {"covered_lines": 5, "num_statements": 7, "percent_covered": 71.42857142857143, "percent_covered_display": "71", "missing_lines": 2, "excluded_lines": 0, "percent_statements_covered": 71.42857142857143, "percent_statements_covered_display": "71"}, "missing_lines": [613, 618], "excluded_lines": [], "start_line": 611}, "DynamicToolWorkerClient._ping_loop": {"executed_lines": [625, 626], "summary": {"covered_lines": 2, "num_statements": 5, "percent_covered": 40.0, "percent_covered_display": "40", "missing_lines": 3, "excluded_lines": 0, "percent_statements_covered": 40.0, "percent_statements_covered_display": "40"}, "missing_lines": [627, 628, 629], "excluded_lines": [], "start_line": 624}, "DynamicToolWorkerClient._request_once": {"executed_lines": [632, 633, 634, 636, 639, 640, 641, 642, 646, 647, 648, 649, 651, 652, 653, 656, 658], "summary": {"covered_lines": 17, "num_statements": 25, "percent_covered": 68.0, "percent_covered_display": "68", "missing_lines": 8, "excluded_lines": 0, "percent_statements_covered": 68.0, "percent_statements_covered_display": "68"}, "missing_lines": [635, 637, 643, 644, 650, 654, 655, 657], "excluded_lines": [], "start_line": 631}, "DynamicToolWorkerClient._request": {"executed_lines": [667, 668, 669, 670, 671, 672, 674, 675, 680, 684, 686], "summary": {"covered_lines": 11, "num_statements": 16, "percent_covered": 68.75, "percent_covered_display": "69", "missing_lines": 5, "excluded_lines": 0, "percent_statements_covered": 68.75, "percent_statements_covered_display": "69"}, "missing_lines": [673, 676, 677, 678, 685], "excluded_lines": [], "start_line": 660}, "DynamicToolWorkerClient._restart_after_failure": {"executed_lines": [689, 690, 691, 692, 693], "summary": {"covered_lines": 5, "num_statements": 5, "percent_covered": 100.0, "percent_covered_display": "100", "missing_lines": 0, "excluded_lines": 0, "percent_statements_covered": 100.0, "percent_statements_covered_display": "100"}, "missing_lines": [], "excluded_lines": [], "start_line": 688}, "DynamicToolWorkerClient._invoke_restart_callback": {"executed_lines": [696, 697, 699, 700, 701, 703], "summary": {"covered_lines": 6, "num_statements": 7, "percent_covered": 85.71428571428571, "percent_covered_display": "86", "missing_lines": 1, "excluded_lines": 0, "percent_statements_covered": 85.71428571428571, "percent_statements_covered_display": "86"}, "missing_lines": [698], "excluded_lines": [], "start_line": 695}, "DynamicToolWorkerClient.register_tool": {"executed_lines": [706], "summary": {"covered_lines": 1, "num_statements": 1, "percent_covered": 100.0, "percent_covered_display": "100", "missing_lines": 0, "excluded_lines": 0, "percent_statements_covered": 100.0, "percent_statements_covered_display": "100"}, "missing_lines": [], "excluded_lines": [], "start_line": 705}, "DynamicToolWorkerClient.call_tool": {"executed_lines": [712], "summary": {"covered_lines": 1, "num_statements": 1, "percent_covered": 100.0, "percent_covered_display": "100", "missing_lines": 0, "excluded_lines": 0, "percent_statements_covered": 100.0, "percent_statements_covered_display": "100"}, "missing_lines": [], "excluded_lines": [], "start_line": 711}, "DynamicToolWorkerClient.ping": {"executed_lines": [], "summary": {"covered_lines": 0, "num_statements": 1, "percent_covered": 0.0, "percent_covered_display": "0", "missing_lines": 1, "excluded_lines": 0, "percent_statements_covered": 0.0, "percent_statements_covered_display": "0"}, "missing_lines": [718], "excluded_lines": [], "start_line": 717}, "DynamicToolWorkerClient._stop_process": {"executed_lines": [725, 726, 727, 730, 740], "summary": {"covered_lines": 5, "num_statements": 15, "percent_covered": 33.333333333333336, "percent_covered_display": "33", "missing_lines": 10, "excluded_lines": 0, "percent_statements_covered": 33.333333333333336, "percent_statements_covered_display": "33"}, "missing_lines": [728, 729, 731, 732, 734, 735, 736, 737, 738, 739], "excluded_lines": [], "start_line": 724}, "DynamicToolWorkerClient._cleanup_process_handles": {"executed_lines": [743, 744, 745, 746, 747, 748, 749, 750], "summary": {"covered_lines": 8, "num_statements": 8, "percent_covered": 100.0, "percent_covered_display": "100", "missing_lines": 0, "excluded_lines": 0, "percent_statements_covered": 100.0, "percent_statements_covered_display": "100"}, "missing_lines": [], "excluded_lines": [], "start_line": 742}, "DynamicToolWorkerClient.shutdown": {"executed_lines": [753, 754, 755, 756, 757, 759, 760, 761, 762, 763, 766, 767, 768, 772, 773], "summary": {"covered_lines": 15, "num_statements": 20, "percent_covered": 75.0, "percent_covered_display": "75", "missing_lines": 5, "excluded_lines": 0, "percent_statements_covered": 75.0, "percent_statements_covered_display": "75"}, "missing_lines": [764, 765, 769, 770, 771], "excluded_lines": [], "start_line": 752}, "": {"executed_lines": [9, 11, 12, 13, 14, 15, 16, 17, 18, 19, 20, 21, 22, 23, 24, 26, 27, 32, 34, 35, 36, 37, 38, 39, 41, 49, 53, 57, 60, 61, 70, 75, 78, 79, 82, 86, 99, 110, 120, 131, 142, 152, 169, 177, 187, 197, 211, 218, 230, 253, 262, 318, 330, 334, 338, 347, 371, 397, 416, 431, 447, 469, 492, 508, 538, 541, 562, 563, 566, 569, 585, 611, 624, 631, 660, 688, 695, 705, 711, 717, 724, 742, 752], "summary": {"covered_lines": 83, "num_statements": 83, "percent_covered": 100.0, "percent_covered_display": "100", "missing_lines": 0, "excluded_lines": 4, "percent_statements_covered": 100.0, "percent_statements_covered_display": "100"}, "missing_lines": [], "excluded_lines": [28, 29, 776, 777], "start_line": 1}}, "classes": {"DynamicToolWorkerProcessError": {"executed_lines": [], "summary": {"covered_lines": 0, "num_statements": 0, "percent_covered": 100.0, "percent_covered_display": "100", "missing_lines": 0, "excluded_lines": 0, "percent_statements_covered": 100.0, "percent_statements_covered_display": "100"}, "missing_lines": [], "excluded_lines": [], "start_line": 82}, "DynamicToolWorkerClient": {"executed_lines": [549, 550, 551, 552, 553, 554, 555, 556, 557, 558, 559, 560, 564, 567, 570, 579, 580, 581, 582, 583, 586, 587, 588, 589, 590, 591, 594, 595, 596, 606, 607, 608, 609, 612, 614, 615, 616, 617, 625, 626, 632, 633, 634, 636, 639, 640, 641, 642, 646, 647, 648, 649, 651, 652, 653, 656, 658, 667, 668, 669, 670, 671, 672, 674, 675, 680, 684, 686, 689, 690, 691, 692, 693, 696, 697, 699, 700, 701, 703, 706, 712, 725, 726, 727, 730, 740, 743, 744, 745, 746, 747, 748, 749, 750, 753, 754, 755, 756, 757, 759, 760, 761, 762, 763, 766, 767, 768, 772, 773], "summary": {"covered_lines": 109, "num_statements": 145, "percent_covered": 75.17241379310344, "percent_covered_display": "75", "missing_lines": 36, "excluded_lines": 0, "percent_statements_covered": 75.17241379310344, "percent_statements_covered_display": "75"}, "missing_lines": [592, 613, 618, 627, 628, 629, 635, 637, 643, 644, 650, 654, 655, 657, 673, 676, 677, 678, 685, 698, 718, 728, 729, 731, 732, 734, 735, 736, 737, 738, 739, 764, 765, 769, 770, 771], "excluded_lines": [], "start_line": 538}, "": {"executed_lines": [9, 11, 12, 13, 14, 15, 16, 17, 18, 19, 20, 21, 22, 23, 24, 26, 27, 32, 34, 35, 36, 37, 38, 39, 41, 49, 53, 57, 60, 61, 70, 75, 78, 79, 82, 86, 99, 100, 104, 107, 110, 111, 112, 120, 121, 122, 131, 132, 133, 134, 135, 136, 139, 142, 143, 144, 145, 149, 152, 153, 154, 158, 159, 161, 162, 164, 165, 166, 169, 170, 171, 174, 177, 178, 179, 180, 181, 184, 187, 188, 189, 190, 191, 197, 202, 203, 211, 212, 213, 214, 215, 218, 230, 253, 262, 263, 318, 330, 334, 335, 338, 347, 371, 397, 416, 431, 432, 433, 434, 435, 437, 439, 441, 442, 444, 447, 448, 449, 451, 452, 454, 458, 459, 469, 492, 508, 538, 541, 562, 563, 566, 569, 585, 611, 624, 631, 660, 688, 695, 705, 711, 717, 724, 742, 752], "summary": {"covered_lines": 145, "num_statements": 331, "percent_covered": 43.80664652567976, "percent_covered_display": "44", "missing_lines": 186, "excluded_lines": 4, "percent_statements_covered": 43.80664652567976, "percent_statements_covered_display": "44"}, "missing_lines": [87, 88, 89, 92, 93, 94, 101, 102, 103, 105, 106, 113, 114, 117, 123, 124, 125, 128, 146, 155, 156, 160, 163, 172, 173, 182, 183, 192, 204, 205, 206, 219, 220, 221, 222, 223, 224, 225, 226, 227, 231, 232, 233, 235, 236, 237, 238, 239, 240, 241, 242, 244, 246, 247, 248, 249, 250, 254, 255, 256, 257, 258, 259, 319, 320, 321, 322, 323, 324, 325, 326, 327, 331, 339, 340, 341, 342, 343, 344, 348, 349, 350, 352, 353, 355, 356, 357, 362, 363, 364, 365, 366, 368, 372, 398, 399, 400, 404, 405, 406, 407, 408, 409, 410, 411, 412, 413, 417, 418, 419, 420, 421, 422, 423, 424, 425, 426, 427, 428, 436, 438, 440, 443, 450, 461, 462, 463, 465, 466, 470, 471, 472, 473, 474, 475, 476, 478, 479, 480, 481, 482, 483, 484, 485, 486, 487, 488, 489, 493, 494, 495, 496, 497, 498, 499, 500, 501, 502, 503, 504, 505, 509, 510, 511, 512, 514, 515, 516, 517, 518, 519, 520, 521, 522, 523, 524, 525, 526, 527, 528, 529, 530, 531, 532, 534, 535], "excluded_lines": [28, 29, 776, 777], "start_line": 1}}}, "src/core/energy_judge.py": {"executed_lines": [1, 3, 4, 5, 6, 7, 9, 11, 19, 20, 21, 22, 23, 24, 27, 30, 31, 32, 34, 35, 36, 37, 38, 39, 40, 42, 43, 44, 46, 52, 53, 54, 56, 57, 58, 59, 60, 61, 62, 64, 65, 66, 73, 81, 82, 83, 85, 113, 121, 128, 137, 149, 150, 151, 153, 154, 155, 156, 157, 159, 162, 163, 164, 165, 167, 174, 183, 190, 191, 195, 196, 197, 198, 202], "summary": {"covered_lines": 74, "num_statements": 80, "percent_covered": 92.5, "percent_covered_display": "92", "missing_lines": 6, "excluded_lines": 0, "percent_statements_covered": 92.5, "percent_statements_covered_display": "92"}, "missing_lines": [45, 55, 160, 192, 193, 200], "excluded_lines": [], "functions": {"EnergyJudge.__init__": {"executed_lines": [31, 32], "summary": {"covered_lines": 2, "num_statements": 2, "percent_covered": 100.0, "percent_covered_display": "100", "missing_lines": 0, "excluded_lines": 0, "percent_statements_covered": 100.0, "percent_statements_covered_display": "100"}, "missing_lines": [], "excluded_lines": [], "start_line": 30}, "EnergyJudge._extract_json_text": {"executed_lines": [36, 37, 38, 39, 40], "summary": {"covered_lines": 5, "num_statements": 5, "percent_covered": 100.0, "percent_covered_display": "100", "missing_lines": 0, "excluded_lines": 0, "percent_statements_covered": 100.0, "percent_statements_covered_display": "100"}, "missing_lines": [], "excluded_lines": [], "start_line": 35}, "EnergyJudge._build_parent_summary": {"executed_lines": [44, 46], "summary": {"covered_lines": 2, "num_statements": 3, "percent_covered": 66.66666666666667, "percent_covered_display": "67", "missing_lines": 1, "excluded_lines": 0, "percent_statements_covered": 66.66666666666667, "percent_statements_covered_display": "67"}, "missing_lines": [45], "excluded_lines": [], "start_line": 43}, "EnergyJudge._parse_bound_score": {"executed_lines": [54, 56, 57, 58, 59, 60, 61, 62], "summary": {"covered_lines": 8, "num_statements": 9, "percent_covered": 88.88888888888889, "percent_covered_display": "89", "missing_lines": 1, "excluded_lines": 0, "percent_statements_covered": 88.88888888888889, "percent_statements_covered_display": "89"}, "missing_lines": [55], "excluded_lines": [], "start_line": 53}, "EnergyJudge._fallback": {"executed_lines": [65, 66], "summary": {"covered_lines": 2, "num_statements": 2, "percent_covered": 100.0, "percent_covered_display": "100", "missing_lines": 0, "excluded_lines": 0, "percent_statements_covered": 100.0, "percent_statements_covered_display": "100"}, "missing_lines": [], "excluded_lines": [], "start_line": 64}, "EnergyJudge.build_evaluation_payload": {"executed_lines": [81, 82, 83, 85], "summary": {"covered_lines": 4, "num_statements": 4, "percent_covered": 100.0, "percent_covered_display": "100", "missing_lines": 0, "excluded_lines": 0, "percent_statements_covered": 100.0, "percent_statements_covered_display": "100"}, "missing_lines": [], "excluded_lines": [], "start_line": 73}, "EnergyJudge.build_system1_messages": {"executed_lines": [121, 128, 137], "summary": {"covered_lines": 3, "num_statements": 3, "percent_covered": 100.0, "percent_covered_display": "100", "missing_lines": 0, "excluded_lines": 0, "percent_statements_covered": 100.0, "percent_statements_covered_display": "100"}, "missing_lines": [], "excluded_lines": [], "start_line": 113}, "EnergyJudge.parse_system1_response": {"executed_lines": [150, 151, 153, 154, 155, 156, 157, 159, 162, 163, 164, 165, 167], "summary": {"covered_lines": 13, "num_statements": 14, "percent_covered": 92.85714285714286, "percent_covered_display": "93", "missing_lines": 1, "excluded_lines": 0, "percent_statements_covered": 92.85714285714286, "percent_statements_covered_display": "93"}, "missing_lines": [160], "excluded_lines": [], "start_line": 149}, "EnergyJudge.evaluate_with_system1": {"executed_lines": [183, 190, 191, 195, 196, 197, 198, 202], "summary": {"covered_lines": 8, "num_statements": 11, "percent_covered": 72.72727272727273, "percent_covered_display": "73", "missing_lines": 3, "excluded_lines": 0, "percent_statements_covered": 72.72727272727273, "percent_statements_covered_display": "73"}, "missing_lines": [192, 193, 200], "excluded_lines": [], "start_line": 174}, "": {"executed_lines": [1, 3, 4, 5, 6, 7, 9, 11, 19, 20, 21, 22, 23, 24, 27, 30, 34, 35, 42, 43, 52, 53, 64, 73, 113, 149, 174], "summary": {"covered_lines": 27, "num_statements": 27, "percent_covered": 100.0, "percent_covered_display": "100", "missing_lines": 0, "excluded_lines": 0, "percent_statements_covered": 100.0, "percent_statements_covered_display": "100"}, "missing_lines": [], "excluded_lines": [], "start_line": 1}}, "classes": {"EnergyEvaluation": {"executed_lines": [], "summary": {"covered_lines": 0, "num_statements": 0, "percent_covered": 100.0, "percent_covered_display": "100", "missing_lines": 0, "excluded_lines": 0, "percent_statements_covered": 100.0, "percent_statements_covered_display": "100"}, "missing_lines": [], "excluded_lines": [], "start_line": 20}, "EnergyJudge": {"executed_lines": [31, 32, 36, 37, 38, 39, 40, 44, 46, 54, 56, 57, 58, 59, 60, 61, 62, 65, 66, 81, 82, 83, 85, 121, 128, 137, 150, 151, 153, 154, 155, 156, 157, 159, 162, 163, 164, 165, 167, 183, 190, 191, 195, 196, 197, 198, 202], "summary": {"covered_lines": 47, "num_statements": 53, "percent_covered": 88.67924528301887, "percent_covered_display": "89", "missing_lines": 6, "excluded_lines": 0, "percent_statements_covered": 88.67924528301887, "percent_statements_covered_display": "89"}, "missing_lines": [45, 55, 160, 192, 193, 200], "excluded_lines": [], "start_line": 27}, "": {"executed_lines": [1, 3, 4, 5, 6, 7, 9, 11, 19, 20, 21, 22, 23, 24, 27, 30, 34, 35, 42, 43, 52, 53, 64, 73, 113, 149, 174], "summary": {"covered_lines": 27, "num_statements": 27, "percent_covered": 100.0, "percent_covered_display": "100", "missing_lines": 0, "excluded_lines": 0, "percent_statements_covered": 100.0, "percent_statements_covered_display": "100"}, "missing_lines": [], "excluded_lines": [], "start_line": 1}}}, "src/core/energy_roi_engine.py": {"executed_lines": [1, 3, 4, 7, 8, 9, 10, 11, 12, 15, 16, 17, 18, 19, 20, 21, 22, 25, 26, 27, 28, 29, 30, 31, 32, 33, 34, 35, 36, 37, 38, 39, 40, 41, 42, 45, 48, 49, 51, 52, 53, 54, 57, 59, 60, 61, 62, 65, 67, 75, 76, 77, 78, 80, 81, 82, 83, 84, 85, 86, 87, 88, 89, 91, 92, 93, 94, 96, 97, 98, 99, 100, 101, 102, 103, 105, 106, 108], "summary": {"covered_lines": 78, "num_statements": 82, "percent_covered": 95.1219512195122, "percent_covered_display": "95", "missing_lines": 4, "excluded_lines": 0, "percent_statements_covered": 95.1219512195122, "percent_statements_covered_display": "95"}, "missing_lines": [55, 56, 63, 64], "excluded_lines": [], "functions": {"EnergyROIEngine.__init__": {"executed_lines": [49], "summary": {"covered_lines": 1, "num_statements": 1, "percent_covered": 100.0, "percent_covered_display": "100", "missing_lines": 0, "excluded_lines": 0, "percent_statements_covered": 100.0, "percent_statements_covered_display": "100"}, "missing_lines": [], "excluded_lines": [], "start_line": 48}, "EnergyROIEngine._coerce_non_negative_int": {"executed_lines": [53, 54, 57], "summary": {"covered_lines": 3, "num_statements": 5, "percent_covered": 60.0, "percent_covered_display": "60", "missing_lines": 2, "excluded_lines": 0, "percent_statements_covered": 60.0, "percent_statements_covered_display": "60"}, "missing_lines": [55, 56], "excluded_lines": [], "start_line": 52}, "EnergyROIEngine._coerce_non_negative_float": {"executed_lines": [61, 62, 65], "summary": {"covered_lines": 3, "num_statements": 5, "percent_covered": 60.0, "percent_covered_display": "60", "missing_lines": 2, "excluded_lines": 0, "percent_statements_covered": 60.0, "percent_statements_covered_display": "60"}, "missing_lines": [63, 64], "excluded_lines": [], "start_line": 60}, "EnergyROIEngine.evaluate": {"executed_lines": [75, 76, 77, 78, 80, 81, 82, 83, 84, 85, 86, 87, 88, 89, 91, 92, 93, 94, 96, 97, 98, 99, 100, 101, 102, 103, 105, 106, 108], "summary": {"covered_lines": 29, "num_statements": 29, "percent_covered": 100.0, "percent_covered_display": "100", "missing_lines": 0, "excluded_lines": 0, "percent_statements_covered": 100.0, "percent_statements_covered_display": "100"}, "missing_lines": [], "excluded_lines": [], "start_line": 67}, "": {"executed_lines": [1, 3, 4, 7, 8, 9, 10, 11, 12, 15, 16, 17, 18, 19, 20, 21, 22, 25, 26, 27, 28, 29, 30, 31, 32, 33, 34, 35, 36, 37, 38, 39, 40, 41, 42, 45, 48, 51, 52, 59, 60, 67], "summary": {"covered_lines": 42, "num_statements": 42, "percent_covered": 100.0, "percent_covered_display": "100", "missing_lines": 0, "excluded_lines": 0, "percent_statements_covered": 100.0, "percent_statements_covered_display": "100"}, "missing_lines": [], "excluded_lines": [], "start_line": 1}}, "classes": {"EnergyPolicy": {"executed_lines": [], "summary": {"covered_lines": 0, "num_statements": 0, "percent_covered": 100.0, "percent_covered_display": "100", "missing_lines": 0, "excluded_lines": 0, "percent_statements_covered": 100.0, "percent_statements_covered_display": "100"}, "missing_lines": [], "excluded_lines": [], "start_line": 16}, "EnergyDecision": {"executed_lines": [], "summary": {"covered_lines": 0, "num_statements": 0, "percent_covered": 100.0, "percent_covered_display": "100", "missing_lines": 0, "excluded_lines": 0, "percent_statements_covered": 100.0, "percent_statements_covered_display": "100"}, "missing_lines": [], "excluded_lines": [], "start_line": 26}, "EnergyROIEngine": {"executed_lines": [49, 53, 54, 57, 61, 62, 65, 75, 76, 77, 78, 80, 81, 82, 83, 84, 85, 86, 87, 88, 89, 91, 92, 93, 94, 96, 97, 98, 99, 100, 101, 102, 103, 105, 106, 108], "summary": {"covered_lines": 36, "num_statements": 40, "percent_covered": 90.0, "percent_covered_display": "90", "missing_lines": 4, "excluded_lines": 0, "percent_statements_covered": 90.0, "percent_statements_covered_display": "90"}, "missing_lines": [55, 56, 63, 64], "excluded_lines": [], "start_line": 45}, "": {"executed_lines": [1, 3, 4, 7, 8, 9, 10, 11, 12, 15, 16, 17, 18, 19, 20, 21, 22, 25, 26, 27, 28, 29, 30, 31, 32, 33, 34, 35, 36, 37, 38, 39, 40, 41, 42, 45, 48, 51, 52, 59, 60, 67], "summary": {"covered_lines": 42, "num_statements": 42, "percent_covered": 100.0, "percent_covered_display": "100", "missing_lines": 0, "excluded_li
[...]
ts_covered_display": "44"}, "missing_lines": [52, 53, 54, 55, 56, 61, 67, 68, 69, 70, 71, 72, 97, 105, 106, 124, 127, 128, 131, 132, 133, 134, 135, 136, 137, 138, 140, 143, 146, 147, 152, 153, 155, 156, 160, 162, 163, 164, 165, 166, 168, 170, 171, 181, 182, 183, 187, 188, 189, 192, 196, 198, 202, 204, 216, 229, 230, 231, 232], "excluded_lines": [], "start_line": 1}}}, "src/skills/send_email/__init__.py": {"executed_lines": [1, 2, 3, 4, 5, 6, 8, 9, 10, 13, 36, 52, 117], "summary": {"covered_lines": 13, "num_statements": 54, "percent_covered": 24.074074074074073, "percent_covered_display": "24", "missing_lines": 41, "excluded_lines": 0, "percent_statements_covered": 24.074074074074073, "percent_statements_covered_display": "24"}, "missing_lines": [20, 21, 22, 23, 24, 26, 27, 28, 29, 30, 31, 33, 44, 45, 46, 47, 48, 49, 58, 59, 60, 61, 62, 64, 65, 70, 71, 72, 73, 78, 79, 80, 81, 86, 94, 104, 108, 109, 110, 111, 123], "excluded_lines": [], "functions": {"_build_message": {"executed_lines": [], "summary": {"covered_lines": 0, "num_statements": 12, "percent_covered": 0.0, "percent_covered_display": "0", "missing_lines": 12, "excluded_lines": 0, "percent_statements_covered": 0.0, "percent_statements_covered_display": "0"}, "missing_lines": [20, 21, 22, 23, 24, 26, 27, 28, 29, 30, 31, 33], "excluded_lines": [], "start_line": 13}, "_send_message_sync": {"executed_lines": [], "summary": {"covered_lines": 0, "num_statements": 6, "percent_covered": 0.0, "percent_covered_display": "0", "missing_lines": 6, "excluded_lines": 0, "percent_statements_covered": 0.0, "percent_statements_covered_display": "0"}, "missing_lines": [44, 45, 46, 47, 48, 49], "excluded_lines": [], "start_line": 36}, "run": {"executed_lines": [], "summary": {"covered_lines": 0, "num_statements": 22, "percent_covered": 0.0, "percent_covered_display": "0", "missing_lines": 22, "excluded_lines": 0, "percent_statements_covered": 0.0, "percent_statements_covered_display": "0"}, "missing_lines": [58, 59, 60, 61, 62, 64, 65, 70, 71, 72, 73, 78, 79, 80, 81, 86, 94, 104, 108, 109, 110, 111], "excluded_lines": [], "start_line": 52}, "send_email": {"executed_lines": [], "summary": {"covered_lines": 0, "num_statements": 1, "percent_covered": 0.0, "percent_covered_display": "0", "missing_lines": 1, "excluded_lines": 0, "percent_statements_covered": 0.0, "percent_statements_covered_display": "0"}, "missing_lines": [123], "excluded_lines": [], "start_line": 117}, "": {"executed_lines": [1, 2, 3, 4, 5, 6, 8, 9, 10, 13, 36, 52, 117], "summary": {"covered_lines": 13, "num_statements": 13, "percent_covered": 100.0, "percent_covered_display": "100", "missing_lines": 0, "excluded_lines": 0, "percent_statements_covered": 100.0, "percent_statements_covered_display": "100"}, "missing_lines": [], "excluded_lines": [], "start_line": 1}}, "classes": {"": {"executed_lines": [1, 2, 3, 4, 5, 6, 8, 9, 10, 13, 36, 52, 117], "summary": {"covered_lines": 13, "num_statements": 54, "percent_covered": 24.074074074074073, "percent_covered_display": "24", "missing_lines": 41, "excluded_lines": 0, "percent_statements_covered": 24.074074074074073, "percent_statements_covered_display": "24"}, "missing_lines": [20, 21, 22, 23, 24, 26, 27, 28, 29, 30, 31, 33, 44, 45, 46, 47, 48, 49, 58, 59, 60, 61, 62, 64, 65, 70, 71, 72, 73, 78, 79, 80, 81, 86, 94, 104, 108, 109, 110, 111, 123], "excluded_lines": [], "start_line": 1}}}, "src/skills/spawn_new_objective/__init__.py": {"executed_lines": [1, 3, 6, 8], "summary": {"covered_lines": 4, "num_statements": 27, "percent_covered": 14.814814814814815, "percent_covered_display": "15", "missing_lines": 23, "excluded_lines": 0, "percent_statements_covered": 14.814814814814815, "percent_statements_covered_display": "15"}, "missing_lines": [9, 11, 12, 18, 19, 20, 21, 27, 28, 29, 30, 31, 32, 33, 34, 35, 36, 37, 41, 50, 51, 57, 58], "excluded_lines": [], "functions": {"spawn_new_objective": {"executed_lines": [], "summary": {"covered_lines": 0, "num_statements": 23, "percent_covered": 0.0, "percent_covered_display": "0", "missing_lines": 23, "excluded_lines": 0, "percent_statements_covered": 0.0, "percent_statements_covered_display": "0"}, "missing_lines": [9, 11, 12, 18, 19, 20, 21, 27, 28, 29, 30, 31, 32, 33, 34, 35, 36, 37, 41, 50, 51, 57, 58], "excluded_lines": [], "start_line": 8}, "": {"executed_lines": [1, 3, 6, 8], "summary": {"covered_lines": 4, "num_statements": 4, "percent_covered": 100.0, "percent_covered_display": "100", "missing_lines": 0, "excluded_lines": 0, "percent_statements_covered": 100.0, "percent_statements_covered_display": "100"}, "missing_lines": [], "excluded_lines": [], "start_line": 1}}, "classes": {"": {"executed_lines": [1, 3, 6, 8], "summary": {"covered_lines": 4, "num_statements": 27, "percent_covered": 14.814814814814815, "percent_covered_display": "15", "missing_lines": 23, "excluded_lines": 0, "percent_statements_covered": 14.814814814814815, "percent_statements_covered_display": "15"}, "missing_lines": [9, 11, 12, 18, 19, 20, 21, 27, 28, 29, 30, 31, 32, 33, 34, 35, 36, 37, 41, 50, 51, 57, 58], "excluded_lines": [], "start_line": 1}}}, "src/skills/unit_converter/__init__.py": {"executed_lines": [3, 4, 5, 8, 15], "summary": {"covered_lines": 5, "num_statements": 44, "percent_covered": 11.363636363636363, "percent_covered_display": "11", "missing_lines": 39, "excluded_lines": 0, "percent_statements_covered": 11.363636363636363, "percent_statements_covered_display": "11"}, "missing_lines": [9, 10, 11, 12, 16, 17, 18, 19, 22, 23, 24, 25, 26, 29, 30, 31, 32, 33, 36, 37, 38, 39, 40, 43, 44, 45, 46, 47, 50, 51, 52, 53, 54, 57, 58, 59, 60, 61, 63], "excluded_lines": [], "functions": {"_to_float": {"executed_lines": [], "summary": {"covered_lines": 0, "num_statements": 4, "percent_covered": 0.0, "percent_covered_display": "0", "missing_lines": 4, "excluded_lines": 0, "percent_statements_covered": 0.0, "percent_statements_covered_display": "0"}, "missing_lines": [9, 10, 11, 12], "excluded_lines": [], "start_line": 8}, "unit_converter": {"executed_lines": [], "summary": {"covered_lines": 0, "num_statements": 35, "percent_covered": 0.0, "percent_covered_display": "0", "missing_lines": 35, "excluded_lines": 0, "percent_statements_covered": 0.0, "percent_statements_covered_display": "0"}, "missing_lines": [16, 17, 18, 19, 22, 23, 24, 25, 26, 29, 30, 31, 32, 33, 36, 37, 38, 39, 40, 43, 44, 45, 46, 47, 50, 51, 52, 53, 54, 57, 58, 59, 60, 61, 63], "excluded_lines": [], "start_line": 15}, "": {"executed_lines": [3, 4, 5, 8, 15], "summary": {"covered_lines": 5, "num_statements": 5, "percent_covered": 100.0, "percent_covered_display": "100", "missing_lines": 0, "excluded_lines": 0, "percent_statements_covered": 100.0, "percent_statements_covered_display": "100"}, "missing_lines": [], "excluded_lines": [], "start_line": 1}}, "classes": {"": {"executed_lines": [3, 4, 5, 8, 15], "summary": {"covered_lines": 5, "num_statements": 44, "percent_covered": 11.363636363636363, "percent_covered_display": "11", "missing_lines": 39, "excluded_lines": 0, "percent_statements_covered": 11.363636363636363, "percent_statements_covered_display": "11"}, "missing_lines": [9, 10, 11, 12, 16, 17, 18, 19, 22, 23, 24, 25, 26, 29, 30, 31, 32, 33, 36, 37, 38, 39, 40, 43, 44, 45, 46, 47, 50, 51, 52, 53, 54, 57, 58, 59, 60, 61, 63], "excluded_lines": [], "start_line": 1}}}, "src/skills/update_core_memory/__init__.py": {"executed_lines": [1, 3, 6, 8], "summary": {"covered_lines": 4, "num_statements": 16, "percent_covered": 25.0, "percent_covered_display": "25", "missing_lines": 12, "excluded_lines": 0, "percent_statements_covered": 25.0, "percent_statements_covered_display": "25"}, "missing_lines": [9, 11, 12, 18, 19, 20, 21, 22, 23, 24, 28, 29], "excluded_lines": [], "functions": {"update_core_memory": {"executed_lines": [], "summary": {"covered_lines": 0, "num_statements": 12, "percent_covered": 0.0, "percent_covered_display": "0", "missing_lines": 12, "excluded_lines": 0, "percent_statements_covered": 0.0, "percent_statements_covered_display": "0"}, "missing_lines": [9, 11, 12, 18, 19, 20, 21, 22, 23, 24, 28, 29], "excluded_lines": [], "start_line": 8}, "": {"executed_lines": [1, 3, 6, 8], "summary": {"covered_lines": 4, "num_statements": 4, "percent_covered": 100.0, "percent_covered_display": "100", "missing_lines": 0, "excluded_lines": 0, "percent_statements_covered": 100.0, "percent_statements_covered_display": "100"}, "missing_lines": [], "excluded_lines": [], "start_line": 1}}, "classes": {"": {"executed_lines": [1, 3, 6, 8], "summary": {"covered_lines": 4, "num_statements": 16, "percent_covered": 25.0, "percent_covered_display": "25", "missing_lines": 12, "excluded_lines": 0, "percent_statements_covered": 25.0, "percent_statements_covered_display": "25"}, "missing_lines": [9, 11, 12, 18, 19, 20, 21, 22, 23, 24, 28, 29], "excluded_lines": [], "start_line": 1}}}, "src/skills/update_ledger/__init__.py": {"executed_lines": [1, 3, 6, 8], "summary": {"covered_lines": 4, "num_statements": 27, "percent_covered": 14.814814814814815, "percent_covered_display": "15", "missing_lines": 23, "excluded_lines": 0, "percent_statements_covered": 14.814814814814815, "percent_statements_covered_display": "15"}, "missing_lines": [9, 11, 12, 18, 19, 20, 21, 27, 28, 29, 30, 31, 32, 33, 34, 35, 36, 37, 38, 46, 47, 53, 54], "excluded_lines": [], "functions": {"update_ledger": {"executed_lines": [], "summary": {"covered_lines": 0, "num_statements": 23, "percent_covered": 0.0, "percent_covered_display": "0", "missing_lines": 23, "excluded_lines": 0, "percent_statements_covered": 0.0, "percent_statements_covered_display": "0"}, "missing_lines": [9, 11, 12, 18, 19, 20, 21, 27, 28, 29, 30, 31, 32, 33, 34, 35, 36, 37, 38, 46, 47, 53, 54], "excluded_lines": [], "start_line": 8}, "": {"executed_lines": [1, 3, 6, 8], "summary": {"covered_lines": 4, "num_statements": 4, "percent_covered": 100.0, "percent_covered_display": "100", "missing_lines": 0, "excluded_lines": 0, "percent_statements_covered": 100.0, "percent_statements_covered_display": "100"}, "missing_lines": [], "excluded_lines": [], "start_line": 1}}, "classes": {"": {"executed_lines": [1, 3, 6, 8], "summary": {"covered_lines": 4, "num_statements": 27, "percent_covered": 14.814814814814815, "percent_covered_display": "15", "missing_lines": 23, "excluded_lines": 0, "percent_statements_covered": 14.814814814814815, "percent_statements_covered_display": "15"}, "missing_lines": [9, 11, 12, 18, 19, 20, 21, 27, 28, 29, 30, 31, 32, 33, 34, 35, 36, 37, 38, 46, 47, 53, 54], "excluded_lines": [], "start_line": 1}}}, "src/skills/update_objective_status/__init__.py": {"executed_lines": [1, 2, 4, 7, 10, 11, 14, 16, 17, 20, 23, 24, 27, 28, 31, 32, 34, 35, 36, 38, 39, 44, 49, 51, 52, 55, 58, 59, 61, 64, 65, 67, 68, 69, 72, 73, 74, 75, 76, 78, 79, 81, 82, 90, 97, 98, 99, 100, 101, 102, 103, 107, 108, 109, 110, 111, 113, 114, 115, 117, 128], "summary": {"covered_lines": 61, "num_statements": 84, "percent_covered": 72.61904761904762, "percent_covered_display": "73", "missing_lines": 23, "excluded_lines": 0, "percent_statements_covered": 72.61904761904762, "percent_statements_covered_display": "73"}, "missing_lines": [18, 19, 21, 25, 29, 37, 45, 46, 53, 54, 56, 60, 62, 70, 83, 84, 91, 104, 105, 106, 121, 122, 129], "excluded_lines": [], "functions": {"_completion_refund_amount": {"executed_lines": [11], "summary": {"covered_lines": 1, "num_statements": 1, "percent_covered": 100.0, "percent_covered_display": "100", "missing_lines": 0, "excluded_lines": 0, "percent_statements_covered": 100.0, "percent_statements_covered_display": "100"}, "missing_lines": [], "excluded_lines": [], "start_line": 10}, "_refund_predictive_budget_for_completion": {"executed_lines": [16, 17, 20, 23, 24, 27, 28, 31, 32, 34, 35, 36, 38, 39, 44], "summary": {"covered_lines": 15, "num_statements": 23, "percent_covered": 65.21739130434783, "percent_covered_display": "65", "missing_lines": 8, "excluded_lines": 0, "percent_statements_covered": 65.21739130434783, "percent_statements_covered_display": "65"}, "missing_lines": [18, 19, 21, 25, 29, 37, 45, 46], "excluded_lines": [], "start_line": 14}, "_clear_heartbeat_failure_for_completion": {"executed_lines": [51, 52, 55, 58, 59, 61, 64, 65, 67, 68, 69, 72, 73, 74, 75, 76], "summary": {"covered_lines": 16, "num_statements": 22, "percent_covered": 72.72727272727273, "percent_covered_display": "73", "missing_lines": 6, "excluded_lines": 0, "percent_statements_covered": 72.72727272727273, "percent_statements_covered_display": "73"}, "missing_lines": [53, 54, 56, 60, 62, 70], "excluded_lines": [], "start_line": 49}, "update_objective_status": {"executed_lines": [79, 81, 82, 90, 97, 98, 99, 100, 101, 102, 103, 107, 108, 109, 110, 111, 113, 114, 115, 117, 128], "summary": {"covered_lines": 21, "num_statements": 30, "percent_covered": 70.0, "percent_covered_display": "70", "missing_lines": 9, "excluded_lines": 0, "percent_statements_covered": 70.0, "percent_statements_covered_display": "70"}, "missing_lines": [83, 84, 91, 104, 105, 106, 121, 122, 129], "excluded_lines": [], "start_line": 78}, "": {"executed_lines": [1, 2, 4, 7, 10, 14, 49, 78], "summary": {"covered_lines": 8, "num_statements": 8, "percent_covered": 100.0, "percent_covered_display": "100", "missing_lines": 0, "excluded_lines": 0, "percent_statements_covered": 100.0, "percent_statements_covered_display": "100"}, "missing_lines": [], "excluded_lines": [], "start_line": 1}}, "classes": {"": {"executed_lines": [1, 2, 4, 7, 10, 11, 14, 16, 17, 20, 23, 24, 27, 28, 31, 32, 34, 35, 36, 38, 39, 44, 49, 51, 52, 55, 58, 59, 61, 64, 65, 67, 68, 69, 72, 73, 74, 75, 76, 78, 79, 81, 82, 90, 97, 98, 99, 100, 101, 102, 103, 107, 108, 109, 110, 111, 113, 114, 115, 117, 128], "summary": {"covered_lines": 61, "num_statements": 84, "percent_covered": 72.61904761904762, "percent_covered_display": "73", "missing_lines": 23, "excluded_lines": 0, "percent_statements_covered": 72.61904761904762, "percent_statements_covered_display": "73"}, "missing_lines": [18, 19, 21, 25, 29, 37, 45, 46, 53, 54, 56, 60, 62, 70, 83, 84, 91, 104, 105, 106, 121, 122, 129], "excluded_lines": [], "start_line": 1}}}, "src/skills/weather_current/__init__.py": {"executed_lines": [3, 4, 7], "summary": {"covered_lines": 3, "num_statements": 8, "percent_covered": 37.5, "percent_covered_display": "38", "missing_lines": 5, "excluded_lines": 0, "percent_statements_covered": 37.5, "percent_statements_covered_display": "38"}, "missing_lines": [8, 9, 10, 11, 19], "excluded_lines": [], "functions": {"weather_current": {"executed_lines": [], "summary": {"covered_lines": 0, "num_statements": 5, "percent_covered": 0.0, "percent_covered_display": "0", "missing_lines": 5, "excluded_lines": 0, "percent_statements_covered": 0.0, "percent_statements_covered_display": "0"}, "missing_lines": [8, 9, 10, 11, 19], "excluded_lines": [], "start_line": 7}, "": {"executed_lines": [3, 4, 7], "summary": {"covered_lines": 3, "num_statements": 3, "percent_covered": 100.0, "percent_covered_display": "100", "missing_lines": 0, "excluded_lines": 0, "percent_statements_covered": 100.0, "percent_statements_covered_display": "100"}, "missing_lines": [], "excluded_lines": [], "start_line": 1}}, "classes": {"": {"executed_lines": [3, 4, 7], "summary": {"covered_lines": 3, "num_statements": 8, "percent_covered": 37.5, "percent_covered_display": "38", "missing_lines": 5, "excluded_lines": 0, "percent_statements_covered": 37.5, "percent_statements_covered_display": "38"}, "missing_lines": [8, 9, 10, 11, 19], "excluded_lines": [], "start_line": 1}}}, "src/skills/web_search/__init__.py": {"executed_lines": [1, 2, 4, 11, 13, 14, 16, 49], "summary": {"covered_lines": 8, "num_statements": 36, "percent_covered": 22.22222222222222, "percent_covered_display": "22", "missing_lines": 28, "excluded_lines": 0, "percent_statements_covered": 22.22222222222222, "percent_statements_covered_display": "22"}, "missing_lines": [17, 18, 19, 20, 21, 27, 28, 29, 35, 40, 41, 50, 52, 53, 59, 60, 61, 62, 63, 64, 66, 67, 68, 69, 71, 72, 76, 77], "excluded_lines": [], "functions": {"_sync_web_search": {"executed_lines": [], "summary": {"covered_lines": 0, "num_statements": 11, "percent_covered": 0.0, "percent_covered_display": "0", "missing_lines": 11, "excluded_lines": 0, "percent_statements_covered": 0.0, "percent_statements_covered_display": "0"}, "missing_lines": [17, 18, 19, 20, 21, 27, 28, 29, 35, 40, 41], "excluded_lines": [], "start_line": 16}, "web_search": {"executed_lines": [], "summary": {"covered_lines": 0, "num_statements": 17, "percent_covered": 0.0, "percent_covered_display": "0", "missing_lines": 17, "excluded_lines": 0, "percent_statements_covered": 0.0, "percent_statements_covered_display": "0"}, "missing_lines": [50, 52, 53, 59, 60, 61, 62, 63, 64, 66, 67, 68, 69, 71, 72, 76, 77], "excluded_lines": [], "start_line": 49}, "": {"executed_lines": [1, 2, 4, 11, 13, 14, 16, 49], "summary": {"covered_lines": 8, "num_statements": 8, "percent_covered": 100.0, "percent_covered_display": "100", "missing_lines": 0, "excluded_lines": 0, "percent_statements_covered": 100.0, "percent_statements_covered_display": "100"}, "missing_lines": [], "excluded_lines": [], "start_line": 1}}, "classes": {"": {"executed_lines": [1, 2, 4, 11, 13, 14, 16, 49], "summary": {"covered_lines": 8, "num_statements": 36, "percent_covered": 22.22222222222222, "percent_covered_display": "22", "missing_lines": 28, "excluded_lines": 0, "percent_statements_covered": 22.22222222222222, "percent_statements_covered_display": "22"}, "missing_lines": [17, 18, 19, 20, 21, 27, 28, 29, 35, 40, 41, 50, 52, 53, 59, 60, 61, 62, 63, 64, 66, 67, 68, 69, 71, 72, 76, 77], "excluded_lines": [], "start_line": 1}}}, "src/tools/__init__.py": {"executed_lines": [], "summary": {"covered_lines": 0, "num_statements": 0, "percent_covered": 100.0, "percent_covered_display": "100", "missing_lines": 0, "excluded_lines": 0, "percent_statements_covered": 100.0, "percent_statements_covered_display": "100"}, "missing_lines": [], "excluded_lines": [], "functions": {"": {"executed_lines": [], "summary": {"covered_lines": 0, "num_statements": 0, "percent_covered": 100.0, "percent_covered_display": "100", "missing_lines": 0, "excluded_lines": 0, "percent_statements_covered": 100.0, "percent_statements_covered_display": "100"}, "missing_lines": [], "excluded_lines": [], "start_line": 1}}, "classes": {"": {"executed_lines": [], "summary": {"covered_lines": 0, "num_statements": 0, "percent_covered": 100.0, "percent_covered_display": "100", "missing_lines": 0, "excluded_lines": 0, "percent_statements_covered": 100.0, "percent_statements_covered_display": "100"}, "missing_lines": [], "excluded_lines": [], "start_line": 1}}}, "src/tools/system_tools.py": {"executed_lines": [], "summary": {"covered_lines": 0, "num_statements": 2, "percent_covered": 0.0, "percent_covered_display": "0", "missing_lines": 2, "excluded_lines": 0, "percent_statements_covered": 0.0, "percent_statements_covered_display": "0"}, "missing_lines": [9, 10], "excluded_lines": [], "functions": {"": {"executed_lines": [], "summary": {"covered_lines": 0, "num_statements": 2, "percent_covered": 0.0, "percent_covered_display": "0", "missing_lines": 2, "excluded_lines": 0, "percent_statements_covered": 0.0, "percent_statements_covered_display": "0"}, "missing_lines": [9, 10], "excluded_lines": [], "start_line": 1}}, "classes": {"": {"executed_lines": [], "summary": {"covered_lines": 0, "num_statements": 2, "percent_covered": 0.0, "percent_covered_display": "0", "missing_lines": 2, "excluded_lines": 0, "percent_statements_covered": 0.0, "percent_statements_covered_display": "0"}, "missing_lines": [9, 10], "excluded_lines": [], "start_line": 1}}}}, "totals": {"covered_lines": 7731, "num_statements": 11574, "percent_covered": 66.79626749611198, "percent_covered_display": "67", "missing_lines": 3843, "excluded_lines": 13, "percent_statements_covered": 66.79626749611198, "percent_statements_covered_display": "67"}}